running egg_info
writing ../../build/kraken/kraken.egg-info/PKG-INFO
writing dependency_links to ../../build/kraken/kraken.egg-info/dependency_links.txt
writing entry points to ../../build/kraken/kraken.egg-info/entry_points.txt
writing requirements to ../../build/kraken/kraken.egg-info/requires.txt
writing top-level names to ../../build/kraken/kraken.egg-info/top_level.txt
reading manifest file '../../build/kraken/kraken.egg-info/SOURCES.txt'
writing manifest file '../../build/kraken/kraken.egg-info/SOURCES.txt'
running build
running build_py
copying kraken/motor_controller.py -> /home/isaacn/code/kraken/ROS/build/kraken/build/lib/kraken
copying kraken/imu_node.py -> /home/isaacn/code/kraken/ROS/build/kraken/build/lib/kraken
running install
running install_lib
copying /home/isaacn/code/kraken/ROS/build/kraken/build/lib/kraken/motor_controller.py -> /home/isaacn/code/kraken/ROS/install/kraken/lib/python3.6/site-packages/kraken
copying /home/isaacn/code/kraken/ROS/build/kraken/build/lib/kraken/imu_node.py -> /home/isaacn/code/kraken/ROS/install/kraken/lib/python3.6/site-packages/kraken
byte-compiling /home/isaacn/code/kraken/ROS/install/kraken/lib/python3.6/site-packages/kraken/motor_controller.py to motor_controller.cpython-36.pyc
byte-compiling /home/isaacn/code/kraken/ROS/install/kraken/lib/python3.6/site-packages/kraken/imu_node.py to imu_node.cpython-36.pyc
running install_data
running install_egg_info
removing '/home/isaacn/code/kraken/ROS/install/kraken/lib/python3.6/site-packages/kraken-0.0.0-py3.6.egg-info' (and everything under it)
Copying ../../build/kraken/kraken.egg-info to /home/isaacn/code/kraken/ROS/install/kraken/lib/python3.6/site-packages/kraken-0.0.0-py3.6.egg-info
running install_scripts
Installing depth_sensor script to /home/isaacn/code/kraken/ROS/install/kraken/lib/kraken
Installing imu script to /home/isaacn/code/kraken/ROS/install/kraken/lib/kraken
Installing mcu script to /home/isaacn/code/kraken/ROS/install/kraken/lib/kraken
writing list of installed files to '/home/isaacn/code/kraken/ROS/build/kraken/install.log'
