[0.769s] Invoking command in '/home/isaacn/code/kraken/ROS/src/kraken': PYTHONPATH=/home/isaacn/code/kraken/ROS/build/kraken/prefix_override:/home/isaacn/code/kraken/ROS/install/kraken/lib/python3.6/site-packages: /usr/bin/python3 setup.py egg_info --egg-base ../../build/kraken build --build-base /home/isaacn/code/kraken/ROS/build/kraken/build install --record /home/isaacn/code/kraken/ROS/build/kraken/install.log --install-scripts $base/lib/kraken --single-version-externally-managed
[1.012s] running egg_info
[1.012s] writing ../../build/kraken/kraken.egg-info/PKG-INFO
[1.017s] writing dependency_links to ../../build/kraken/kraken.egg-info/dependency_links.txt
[1.017s] writing entry points to ../../build/kraken/kraken.egg-info/entry_points.txt
[1.017s] writing requirements to ../../build/kraken/kraken.egg-info/requires.txt
[1.017s] writing top-level names to ../../build/kraken/kraken.egg-info/top_level.txt
[1.057s] reading manifest file '../../build/kraken/kraken.egg-info/SOURCES.txt'
[1.059s] writing manifest file '../../build/kraken/kraken.egg-info/SOURCES.txt'
[1.059s] running build
[1.059s] running build_py
[1.061s] copying kraken/motor_controller.py -> /home/isaacn/code/kraken/ROS/build/kraken/build/lib/kraken
[1.061s] copying kraken/imu_node.py -> /home/isaacn/code/kraken/ROS/build/kraken/build/lib/kraken
[1.061s] running install
[1.063s] running install_lib
[1.063s] copying /home/isaacn/code/kraken/ROS/build/kraken/build/lib/kraken/motor_controller.py -> /home/isaacn/code/kraken/ROS/install/kraken/lib/python3.6/site-packages/kraken
[1.063s] copying /home/isaacn/code/kraken/ROS/build/kraken/build/lib/kraken/imu_node.py -> /home/isaacn/code/kraken/ROS/install/kraken/lib/python3.6/site-packages/kraken
[1.066s] byte-compiling /home/isaacn/code/kraken/ROS/install/kraken/lib/python3.6/site-packages/kraken/motor_controller.py to motor_controller.cpython-36.pyc
[1.066s] byte-compiling /home/isaacn/code/kraken/ROS/install/kraken/lib/python3.6/site-packages/kraken/imu_node.py to imu_node.cpython-36.pyc
[1.066s] running install_data
[1.067s] running install_egg_info
[1.070s] removing '/home/isaacn/code/kraken/ROS/install/kraken/lib/python3.6/site-packages/kraken-0.0.0-py3.6.egg-info' (and everything under it)
[1.072s] Copying ../../build/kraken/kraken.egg-info to /home/isaacn/code/kraken/ROS/install/kraken/lib/python3.6/site-packages/kraken-0.0.0-py3.6.egg-info
[1.075s] running install_scripts
[1.098s] Installing depth_sensor script to /home/isaacn/code/kraken/ROS/install/kraken/lib/kraken
[1.099s] Installing imu script to /home/isaacn/code/kraken/ROS/install/kraken/lib/kraken
[1.100s] Installing mcu script to /home/isaacn/code/kraken/ROS/install/kraken/lib/kraken
[1.101s] writing list of installed files to '/home/isaacn/code/kraken/ROS/build/kraken/install.log'
[1.133s] Invoked command in '/home/isaacn/code/kraken/ROS/src/kraken' returned '0': PYTHONPATH=/home/isaacn/code/kraken/ROS/build/kraken/prefix_override:/home/isaacn/code/kraken/ROS/install/kraken/lib/python3.6/site-packages: /usr/bin/python3 setup.py egg_info --egg-base ../../build/kraken build --build-base /home/isaacn/code/kraken/ROS/build/kraken/build install --record /home/isaacn/code/kraken/ROS/build/kraken/install.log --install-scripts $base/lib/kraken --single-version-externally-managed
