[0.291s] DEBUG:colcon:Command line arguments: ['/usr/bin/colcon', 'build', '--symlink-install', '--packages-select', 'kraken', '--symlink-install']
[0.291s] DEBUG:colcon:Parsed command line arguments: Namespace(allow_overriding=[], ament_cmake_args=None, base_paths=['.'], build_base='build', catkin_cmake_args=None, catkin_skip_building_tests=False, cmake_args=None, cmake_clean_cache=False, cmake_clean_first=False, cmake_force_configure=False, cmake_target=None, cmake_target_skip_unavailable=False, continue_on_error=False, event_handlers=None, executor='parallel', ignore_user_meta=False, install_base='install', log_base=None, log_level=None, main=<bound method BuildVerb.main of <colcon_core.verb.build.BuildVerb object at 0x7f3dd0e3de48>>, merge_install=False, metas=['./colcon.meta'], packages_above=None, packages_above_and_dependencies=None, packages_above_depth=None, packages_end=None, packages_ignore=None, packages_ignore_regex=None, packages_select=['kraken'], packages_select_build_failed=False, packages_select_by_dep=None, packages_select_regex=None, packages_select_test_failures=False, packages_skip=None, packages_skip_build_finished=False, packages_skip_by_dep=None, packages_skip_regex=None, packages_skip_test_passed=False, packages_skip_up_to=None, packages_start=None, packages_up_to=None, packages_up_to_regex=None, parallel_workers=4, paths=None, symlink_install=True, test_result_base=None, verb_extension=<colcon_core.verb.build.BuildVerb object at 0x7f3dd0e3de48>, verb_name='build', verb_parser=<colcon_defaults.argument_parser.defaults.DefaultArgumentsDecorator object at 0x7f3dd0ba41d0>)
[0.320s] Level 1:colcon.colcon_core.package_discovery:discover_packages(colcon_meta) check parameters
[0.321s] Level 1:colcon.colcon_core.package_discovery:discover_packages(recursive) check parameters
[0.321s] Level 1:colcon.colcon_core.package_discovery:discover_packages(ignore) check parameters
[0.321s] Level 1:colcon.colcon_core.package_discovery:discover_packages(path) check parameters
[0.321s] Level 1:colcon.colcon_core.package_discovery:discover_packages(colcon_meta) discover
[0.321s] Level 1:colcon.colcon_core.package_discovery:discover_packages(recursive) discover
[0.321s] INFO:colcon.colcon_core.package_discovery:Crawling recursively for packages in '/home/isaacn/code/kraken'
[0.322s] Level 1:colcon.colcon_core.package_identification:_identify(.) by extensions ['ignore', 'ignore_ament_install']
[0.322s] Level 1:colcon.colcon_core.package_identification:_identify(.) by extension 'ignore'
[0.322s] Level 1:colcon.colcon_core.package_identification:_identify(.) by extension 'ignore_ament_install'
[0.322s] Level 1:colcon.colcon_core.package_identification:_identify(.) by extensions ['colcon_pkg']
[0.322s] Level 1:colcon.colcon_core.package_identification:_identify(.) by extension 'colcon_pkg'
[0.322s] Level 1:colcon.colcon_core.package_identification:_identify(.) by extensions ['colcon_meta']
[0.322s] Level 1:colcon.colcon_core.package_identification:_identify(.) by extension 'colcon_meta'
[0.322s] Level 1:colcon.colcon_core.package_identification:_identify(.) by extensions ['ros']
[0.322s] Level 1:colcon.colcon_core.package_identification:_identify(.) by extension 'ros'
[0.339s] Level 1:colcon.colcon_core.package_identification:_identify(.) by extensions ['cmake', 'python']
[0.339s] Level 1:colcon.colcon_core.package_identification:_identify(.) by extension 'cmake'
[0.339s] Level 1:colcon.colcon_core.package_identification:_identify(.) by extension 'python'
[0.339s] Level 1:colcon.colcon_core.package_identification:_identify(.) by extensions ['python_setup_py']
[0.339s] Level 1:colcon.colcon_core.package_identification:_identify(.) by extension 'python_setup_py'
[0.339s] Level 1:colcon.colcon_core.package_identification:_identify(ComputerVision) by extensions ['ignore', 'ignore_ament_install']
[0.339s] Level 1:colcon.colcon_core.package_identification:_identify(ComputerVision) by extension 'ignore'
[0.339s] Level 1:colcon.colcon_core.package_identification:_identify(ComputerVision) by extension 'ignore_ament_install'
[0.339s] Level 1:colcon.colcon_core.package_identification:_identify(ComputerVision) by extensions ['colcon_pkg']
[0.339s] Level 1:colcon.colcon_core.package_identification:_identify(ComputerVision) by extension 'colcon_pkg'
[0.339s] Level 1:colcon.colcon_core.package_identification:_identify(ComputerVision) by extensions ['colcon_meta']
[0.340s] Level 1:colcon.colcon_core.package_identification:_identify(ComputerVision) by extension 'colcon_meta'
[0.340s] Level 1:colcon.colcon_core.package_identification:_identify(ComputerVision) by extensions ['ros']
[0.340s] Level 1:colcon.colcon_core.package_identification:_identify(ComputerVision) by extension 'ros'
[0.340s] Level 1:colcon.colcon_core.package_identification:_identify(ComputerVision) by extensions ['cmake', 'python']
[0.340s] Level 1:colcon.colcon_core.package_identification:_identify(ComputerVision) by extension 'cmake'
[0.340s] Level 1:colcon.colcon_core.package_identification:_identify(ComputerVision) by extension 'python'
[0.340s] Level 1:colcon.colcon_core.package_identification:_identify(ComputerVision) by extensions ['python_setup_py']
[0.340s] Level 1:colcon.colcon_core.package_identification:_identify(ComputerVision) by extension 'python_setup_py'
[0.340s] Level 1:colcon.colcon_core.package_identification:_identify(Documentation) by extensions ['ignore', 'ignore_ament_install']
[0.340s] Level 1:colcon.colcon_core.package_identification:_identify(Documentation) by extension 'ignore'
[0.340s] Level 1:colcon.colcon_core.package_identification:_identify(Documentation) by extension 'ignore_ament_install'
[0.340s] Level 1:colcon.colcon_core.package_identification:_identify(Documentation) by extensions ['colcon_pkg']
[0.340s] Level 1:colcon.colcon_core.package_identification:_identify(Documentation) by extension 'colcon_pkg'
[0.340s] Level 1:colcon.colcon_core.package_identification:_identify(Documentation) by extensions ['colcon_meta']
[0.341s] Level 1:colcon.colcon_core.package_identification:_identify(Documentation) by extension 'colcon_meta'
[0.341s] Level 1:colcon.colcon_core.package_identification:_identify(Documentation) by extensions ['ros']
[0.341s] Level 1:colcon.colcon_core.package_identification:_identify(Documentation) by extension 'ros'
[0.341s] Level 1:colcon.colcon_core.package_identification:_identify(Documentation) by extensions ['cmake', 'python']
[0.341s] Level 1:colcon.colcon_core.package_identification:_identify(Documentation) by extension 'cmake'
[0.341s] Level 1:colcon.colcon_core.package_identification:_identify(Documentation) by extension 'python'
[0.342s] Level 1:colcon.colcon_core.package_identification:_identify(Documentation) by extensions ['python_setup_py']
[0.342s] Level 1:colcon.colcon_core.package_identification:_identify(Documentation) by extension 'python_setup_py'
[0.342s] Level 1:colcon.colcon_core.package_identification:_identify(ROS) by extensions ['ignore', 'ignore_ament_install']
[0.342s] Level 1:colcon.colcon_core.package_identification:_identify(ROS) by extension 'ignore'
[0.342s] Level 1:colcon.colcon_core.package_identification:_identify(ROS) by extension 'ignore_ament_install'
[0.342s] Level 1:colcon.colcon_core.package_identification:_identify(ROS) by extensions ['colcon_pkg']
[0.342s] Level 1:colcon.colcon_core.package_identification:_identify(ROS) by extension 'colcon_pkg'
[0.342s] Level 1:colcon.colcon_core.package_identification:_identify(ROS) by extensions ['colcon_meta']
[0.342s] Level 1:colcon.colcon_core.package_identification:_identify(ROS) by extension 'colcon_meta'
[0.342s] Level 1:colcon.colcon_core.package_identification:_identify(ROS) by extensions ['ros']
[0.342s] Level 1:colcon.colcon_core.package_identification:_identify(ROS) by extension 'ros'
[0.342s] Level 1:colcon.colcon_core.package_identification:_identify(ROS) by extensions ['cmake', 'python']
[0.342s] Level 1:colcon.colcon_core.package_identification:_identify(ROS) by extension 'cmake'
[0.343s] Level 1:colcon.colcon_core.package_identification:_identify(ROS) by extension 'python'
[0.343s] Level 1:colcon.colcon_core.package_identification:_identify(ROS) by extensions ['python_setup_py']
[0.343s] Level 1:colcon.colcon_core.package_identification:_identify(ROS) by extension 'python_setup_py'
[0.343s] Level 1:colcon.colcon_core.package_identification:_identify(ROS/build) by extensions ['ignore', 'ignore_ament_install']
[0.343s] Level 1:colcon.colcon_core.package_identification:_identify(ROS/build) by extension 'ignore'
[0.343s] Level 1:colcon.colcon_core.package_identification:_identify(ROS/build) ignored
[0.344s] Level 1:colcon.colcon_core.package_identification:_identify(ROS/install) by extensions ['ignore', 'ignore_ament_install']
[0.344s] Level 1:colcon.colcon_core.package_identification:_identify(ROS/install) by extension 'ignore'
[0.344s] Level 1:colcon.colcon_core.package_identification:_identify(ROS/install) ignored
[0.344s] Level 1:colcon.colcon_core.package_identification:_identify(ROS/log) by extensions ['ignore', 'ignore_ament_install']
[0.344s] Level 1:colcon.colcon_core.package_identification:_identify(ROS/log) by extension 'ignore'
[0.344s] Level 1:colcon.colcon_core.package_identification:_identify(ROS/log) ignored
[0.344s] Level 1:colcon.colcon_core.package_identification:_identify(ROS/src) by extensions ['ignore', 'ignore_ament_install']
[0.344s] Level 1:colcon.colcon_core.package_identification:_identify(ROS/src) by extension 'ignore'
[0.345s] Level 1:colcon.colcon_core.package_identification:_identify(ROS/src) by extension 'ignore_ament_install'
[0.345s] Level 1:colcon.colcon_core.package_identification:_identify(ROS/src) by extensions ['colcon_pkg']
[0.345s] Level 1:colcon.colcon_core.package_identification:_identify(ROS/src) by extension 'colcon_pkg'
[0.345s] Level 1:colcon.colcon_core.package_identification:_identify(ROS/src) by extensions ['colcon_meta']
[0.345s] Level 1:colcon.colcon_core.package_identification:_identify(ROS/src) by extension 'colcon_meta'
[0.345s] Level 1:colcon.colcon_core.package_identification:_identify(ROS/src) by extensions ['ros']
[0.345s] Level 1:colcon.colcon_core.package_identification:_identify(ROS/src) by extension 'ros'
[0.345s] Level 1:colcon.colcon_core.package_identification:_identify(ROS/src) by extensions ['cmake', 'python']
[0.345s] Level 1:colcon.colcon_core.package_identification:_identify(ROS/src) by extension 'cmake'
[0.345s] Level 1:colcon.colcon_core.package_identification:_identify(ROS/src) by extension 'python'
[0.345s] Level 1:colcon.colcon_core.package_identification:_identify(ROS/src) by extensions ['python_setup_py']
[0.345s] Level 1:colcon.colcon_core.package_identification:_identify(ROS/src) by extension 'python_setup_py'
[0.345s] Level 1:colcon.colcon_core.package_identification:_identify(ROS/src/build) by extensions ['ignore', 'ignore_ament_install']
[0.345s] Level 1:colcon.colcon_core.package_identification:_identify(ROS/src/build) by extension 'ignore'
[0.345s] Level 1:colcon.colcon_core.package_identification:_identify(ROS/src/build) ignored
[0.345s] Level 1:colcon.colcon_core.package_identification:_identify(ROS/src/install) by extensions ['ignore', 'ignore_ament_install']
[0.346s] Level 1:colcon.colcon_core.package_identification:_identify(ROS/src/install) by extension 'ignore'
[0.346s] Level 1:colcon.colcon_core.package_identification:_identify(ROS/src/install) ignored
[0.346s] Level 1:colcon.colcon_core.package_identification:_identify(ROS/src/kraken) by extensions ['ignore', 'ignore_ament_install']
[0.346s] Level 1:colcon.colcon_core.package_identification:_identify(ROS/src/kraken) by extension 'ignore'
[0.346s] Level 1:colcon.colcon_core.package_identification:_identify(ROS/src/kraken) by extension 'ignore_ament_install'
[0.347s] Level 1:colcon.colcon_core.package_identification:_identify(ROS/src/kraken) by extensions ['colcon_pkg']
[0.347s] Level 1:colcon.colcon_core.package_identification:_identify(ROS/src/kraken) by extension 'colcon_pkg'
[0.347s] Level 1:colcon.colcon_core.package_identification:_identify(ROS/src/kraken) by extensions ['colcon_meta']
[0.347s] Level 1:colcon.colcon_core.package_identification:_identify(ROS/src/kraken) by extension 'colcon_meta'
[0.347s] Level 1:colcon.colcon_core.package_identification:_identify(ROS/src/kraken) by extensions ['ros']
[0.347s] Level 1:colcon.colcon_core.package_identification:_identify(ROS/src/kraken) by extension 'ros'
[0.351s] DEBUG:colcon.colcon_core.package_identification:Package 'ROS/src/kraken' with type 'ros.ament_python' and name 'kraken'
[0.351s] Level 1:colcon.colcon_core.package_identification:_identify(ROS/src/log) by extensions ['ignore', 'ignore_ament_install']
[0.351s] Level 1:colcon.colcon_core.package_identification:_identify(ROS/src/log) by extension 'ignore'
[0.351s] Level 1:colcon.colcon_core.package_identification:_identify(ROS/src/log) ignored
[0.351s] Level 1:colcon.colcon_core.package_identification:_identify(build) by extensions ['ignore', 'ignore_ament_install']
[0.351s] Level 1:colcon.colcon_core.package_identification:_identify(build) by extension 'ignore'
[0.352s] Level 1:colcon.colcon_core.package_identification:_identify(build) ignored
[0.352s] Level 1:colcon.colcon_core.package_identification:_identify(install) by extensions ['ignore', 'ignore_ament_install']
[0.352s] Level 1:colcon.colcon_core.package_identification:_identify(install) by extension 'ignore'
[0.352s] Level 1:colcon.colcon_core.package_identification:_identify(install) ignored
[0.352s] Level 1:colcon.colcon_core.package_identification:_identify(log) by extensions ['ignore', 'ignore_ament_install']
[0.352s] Level 1:colcon.colcon_core.package_identification:_identify(log) by extension 'ignore'
[0.352s] Level 1:colcon.colcon_core.package_identification:_identify(log) ignored
[0.352s] Level 1:colcon.colcon_core.package_identification:_identify(submarine) by extensions ['ignore', 'ignore_ament_install']
[0.352s] Level 1:colcon.colcon_core.package_identification:_identify(submarine) by extension 'ignore'
[0.352s] Level 1:colcon.colcon_core.package_identification:_identify(submarine) by extension 'ignore_ament_install'
[0.353s] Level 1:colcon.colcon_core.package_identification:_identify(submarine) by extensions ['colcon_pkg']
[0.353s] Level 1:colcon.colcon_core.package_identification:_identify(submarine) by extension 'colcon_pkg'
[0.353s] Level 1:colcon.colcon_core.package_identification:_identify(submarine) by extensions ['colcon_meta']
[0.353s] Level 1:colcon.colcon_core.package_identification:_identify(submarine) by extension 'colcon_meta'
[0.353s] Level 1:colcon.colcon_core.package_identification:_identify(submarine) by extensions ['ros']
[0.353s] Level 1:colcon.colcon_core.package_identification:_identify(submarine) by extension 'ros'
[0.354s] DEBUG:colcon.colcon_core.package_identification:Package 'submarine' with type 'ros.ament_cmake' and name 'submarine'
[0.354s] Level 1:colcon.colcon_core.package_discovery:discover_packages(recursive) using defaults
[0.354s] Level 1:colcon.colcon_core.package_discovery:discover_packages(ignore) discover
[0.354s] Level 1:colcon.colcon_core.package_discovery:discover_packages(ignore) using defaults
[0.354s] Level 1:colcon.colcon_core.package_discovery:discover_packages(path) discover
[0.354s] Level 1:colcon.colcon_core.package_discovery:discover_packages(path) using defaults
[0.376s] INFO:colcon.colcon_core.package_selection:Skipping not selected package 'submarine' in 'submarine'
[0.377s] Level 1:colcon.colcon_core.package_discovery:discover_packages(prefix_path) check parameters
[0.377s] Level 1:colcon.colcon_core.package_discovery:discover_packages(prefix_path) discover
[0.379s] Level 1:colcon.colcon_core.package_discovery:discover_packages(prefix_path) using defaults
[0.380s] Level 5:colcon.colcon_core.verb:set package 'kraken' build argument 'cmake_args' from command line to 'None'
[0.380s] Level 5:colcon.colcon_core.verb:set package 'kraken' build argument 'cmake_target' from command line to 'None'
[0.380s] Level 5:colcon.colcon_core.verb:set package 'kraken' build argument 'cmake_target_skip_unavailable' from command line to 'False'
[0.381s] Level 5:colcon.colcon_core.verb:set package 'kraken' build argument 'cmake_clean_cache' from command line to 'False'
[0.381s] Level 5:colcon.colcon_core.verb:set package 'kraken' build argument 'cmake_clean_first' from command line to 'False'
[0.381s] Level 5:colcon.colcon_core.verb:set package 'kraken' build argument 'cmake_force_configure' from command line to 'False'
[0.381s] Level 5:colcon.colcon_core.verb:set package 'kraken' build argument 'ament_cmake_args' from command line to 'None'
[0.381s] Level 5:colcon.colcon_core.verb:set package 'kraken' build argument 'catkin_cmake_args' from command line to 'None'
[0.381s] Level 5:colcon.colcon_core.verb:set package 'kraken' build argument 'catkin_skip_building_tests' from command line to 'False'
[0.381s] DEBUG:colcon.colcon_core.verb:Building package 'kraken' with the following arguments: {'ament_cmake_args': None, 'build_base': '/home/isaacn/code/kraken/build/kraken', 'catkin_cmake_args': None, 'catkin_skip_building_tests': False, 'cmake_args': None, 'cmake_clean_cache': False, 'cmake_clean_first': False, 'cmake_force_configure': False, 'cmake_target': None, 'cmake_target_skip_unavailable': False, 'install_base': '/home/isaacn/code/kraken/install/kraken', 'merge_install': False, 'path': '/home/isaacn/code/kraken/ROS/src/kraken', 'symlink_install': True, 'test_result_base': None}
[0.381s] INFO:colcon.colcon_core.executor:Executing jobs using 'parallel' executor
[0.384s] DEBUG:colcon.colcon_parallel_executor.executor.parallel:run_until_complete
[0.385s] INFO:colcon.colcon_ros.task.ament_python.build:Building ROS package in '/home/isaacn/code/kraken/ROS/src/kraken' with build type 'ament_python'
[0.385s] Level 1:colcon.colcon_core.shell:create_environment_hook('kraken', 'ament_prefix_path')
[0.388s] INFO:colcon.colcon_core.plugin_system:Skipping extension 'colcon_core.shell.bat': Not used on non-Windows systems
[0.389s] INFO:colcon.colcon_core.shell:Creating environment hook '/home/isaacn/code/kraken/install/kraken/share/kraken/hook/ament_prefix_path.ps1'
[0.391s] INFO:colcon.colcon_core.shell:Creating environment descriptor '/home/isaacn/code/kraken/install/kraken/share/kraken/hook/ament_prefix_path.dsv'
[0.392s] INFO:colcon.colcon_core.shell:Creating environment hook '/home/isaacn/code/kraken/install/kraken/share/kraken/hook/ament_prefix_path.sh'
[0.396s] INFO:colcon.colcon_core.shell:Skip shell extension 'powershell' for command environment: Not usable outside of PowerShell
[0.396s] DEBUG:colcon.colcon_core.shell:Skip shell extension 'dsv' for command environment
[0.706s] INFO:colcon.colcon_core.task.python.build:Building Python package in '/home/isaacn/code/kraken/ROS/src/kraken'
[0.707s] INFO:colcon.colcon_core.shell:Skip shell extension 'powershell' for command environment: Not usable outside of PowerShell
[0.707s] DEBUG:colcon.colcon_core.shell:Skip shell extension 'dsv' for command environment
[1.136s] DEBUG:colcon.colcon_core.event_handler.log_command:Invoking command in '/home/isaacn/code/kraken/build/kraken': PYTHONPATH=/home/isaacn/code/kraken/build/kraken/prefix_override:/home/isaacn/code/kraken/install/kraken/lib/python3.6/site-packages: /usr/bin/python3 setup.py develop --editable --build-directory /home/isaacn/code/kraken/build/kraken/build --no-deps install_data
[1.592s] Level 1:colcon.colcon_core.shell:create_environment_hook('kraken', 'pythonpath_develop')
[1.593s] INFO:colcon.colcon_core.shell:Creating environment hook '/home/isaacn/code/kraken/build/kraken/share/kraken/hook/pythonpath_develop.ps1'
[1.595s] DEBUG:colcon.colcon_core.event_handler.log_command:Invoked command in '/home/isaacn/code/kraken/build/kraken' returned '0': PYTHONPATH=/home/isaacn/code/kraken/build/kraken/prefix_override:/home/isaacn/code/kraken/install/kraken/lib/python3.6/site-packages: /usr/bin/python3 setup.py develop --editable --build-directory /home/isaacn/code/kraken/build/kraken/build --no-deps install_data
[1.595s] INFO:colcon.colcon_core.shell:Creating environment descriptor '/home/isaacn/code/kraken/build/kraken/share/kraken/hook/pythonpath_develop.dsv'
[1.596s] INFO:colcon.colcon_core.shell:Creating environment hook '/home/isaacn/code/kraken/build/kraken/share/kraken/hook/pythonpath_develop.sh'
[1.600s] Level 1:colcon.colcon_core.environment:checking '/home/isaacn/code/kraken/install/kraken' for CMake module files
[1.602s] Level 1:colcon.colcon_core.environment:checking '/home/isaacn/code/kraken/install/kraken' for CMake config files
[1.618s] Level 1:colcon.colcon_core.environment:checking '/home/isaacn/code/kraken/install/kraken/lib'
[1.618s] Level 1:colcon.colcon_core.environment:checking '/home/isaacn/code/kraken/install/kraken/bin'
[1.618s] Level 1:colcon.colcon_core.environment:checking '/home/isaacn/code/kraken/install/kraken/lib/pkgconfig/kraken.pc'
[1.618s] Level 1:colcon.colcon_core.environment:checking '/home/isaacn/code/kraken/install/kraken/lib/python3.6/site-packages'
[1.618s] Level 1:colcon.colcon_core.shell:create_environment_hook('kraken', 'pythonpath')
[1.619s] INFO:colcon.colcon_core.shell:Creating environment hook '/home/isaacn/code/kraken/install/kraken/share/kraken/hook/pythonpath.ps1'
[1.620s] INFO:colcon.colcon_core.shell:Creating environment descriptor '/home/isaacn/code/kraken/install/kraken/share/kraken/hook/pythonpath.dsv'
[1.620s] INFO:colcon.colcon_core.shell:Creating environment hook '/home/isaacn/code/kraken/install/kraken/share/kraken/hook/pythonpath.sh'
[1.622s] Level 1:colcon.colcon_core.environment:checking '/home/isaacn/code/kraken/install/kraken/bin'
[1.622s] Level 1:colcon.colcon_core.environment:create_environment_scripts_only(kraken)
[1.622s] INFO:colcon.colcon_core.shell:Creating package script '/home/isaacn/code/kraken/install/kraken/share/kraken/package.ps1'
[1.624s] INFO:colcon.colcon_core.shell:Creating package descriptor '/home/isaacn/code/kraken/install/kraken/share/kraken/package.dsv'
[1.625s] INFO:colcon.colcon_core.shell:Creating package script '/home/isaacn/code/kraken/install/kraken/share/kraken/package.sh'
[1.627s] INFO:colcon.colcon_core.shell:Creating package script '/home/isaacn/code/kraken/install/kraken/share/kraken/package.bash'
[1.629s] INFO:colcon.colcon_core.shell:Creating package script '/home/isaacn/code/kraken/install/kraken/share/kraken/package.zsh'
[1.630s] Level 1:colcon.colcon_core.environment:create_file_with_runtime_dependencies(/home/isaacn/code/kraken/install/kraken/share/colcon-core/packages/kraken)
[1.631s] DEBUG:colcon.colcon_parallel_executor.executor.parallel:closing loop
[1.632s] DEBUG:colcon.colcon_parallel_executor.executor.parallel:loop closed
[1.634s] DEBUG:colcon.colcon_parallel_executor.executor.parallel:run_until_complete finished with '0'
[1.634s] DEBUG:colcon.colcon_core.event_reactor:joining thread
[1.643s] INFO:colcon.colcon_core.plugin_system:Skipping extension 'colcon_notification.desktop_notification.terminal_notifier': Not used on non-Darwin systems
[1.644s] INFO:colcon.colcon_core.plugin_system:Skipping extension 'colcon_notification.desktop_notification.win32': Not used on non-Windows systems
[1.644s] INFO:colcon.colcon_notification.desktop_notification:Sending desktop notification using 'notify2'
[1.653s] DEBUG:colcon.colcon_core.event_reactor:joined thread
[1.654s] INFO:colcon.colcon_core.shell:Creating prefix script '/home/isaacn/code/kraken/install/local_setup.ps1'
[1.655s] INFO:colcon.colcon_core.shell:Creating prefix util module '/home/isaacn/code/kraken/install/_local_setup_util_ps1.py'
[1.659s] INFO:colcon.colcon_core.shell:Creating prefix chain script '/home/isaacn/code/kraken/install/setup.ps1'
[1.662s] INFO:colcon.colcon_core.shell:Creating prefix script '/home/isaacn/code/kraken/install/local_setup.sh'
[1.664s] INFO:colcon.colcon_core.shell:Creating prefix util module '/home/isaacn/code/kraken/install/_local_setup_util_sh.py'
[1.665s] INFO:colcon.colcon_core.shell:Creating prefix chain script '/home/isaacn/code/kraken/install/setup.sh'
[1.666s] INFO:colcon.colcon_core.shell:Creating prefix script '/home/isaacn/code/kraken/install/local_setup.bash'
[1.667s] INFO:colcon.colcon_core.shell:Creating prefix chain script '/home/isaacn/code/kraken/install/setup.bash'
[1.681s] INFO:colcon.colcon_core.shell:Creating prefix script '/home/isaacn/code/kraken/install/local_setup.zsh'
[1.682s] INFO:colcon.colcon_core.shell:Creating prefix chain script '/home/isaacn/code/kraken/install/setup.zsh'
