/home/isaacn/code/kraken/ROS/src/install/kraken/lib/python3.6/site-packages/kraken/__init__.py
/home/isaacn/code/kraken/ROS/src/install/kraken/lib/python3.6/site-packages/kraken/depth_sensor_node.py
/home/isaacn/code/kraken/ROS/src/install/kraken/lib/python3.6/site-packages/kraken/motor_controller.py
/home/isaacn/code/kraken/ROS/src/install/kraken/lib/python3.6/site-packages/kraken/imu_node.py
/home/isaacn/code/kraken/ROS/src/install/kraken/lib/python3.6/site-packages/kraken/__pycache__/__init__.cpython-36.pyc
/home/isaacn/code/kraken/ROS/src/install/kraken/lib/python3.6/site-packages/kraken/__pycache__/depth_sensor_node.cpython-36.pyc
/home/isaacn/code/kraken/ROS/src/install/kraken/lib/python3.6/site-packages/kraken/__pycache__/motor_controller.cpython-36.pyc
/home/isaacn/code/kraken/ROS/src/install/kraken/lib/python3.6/site-packages/kraken/__pycache__/imu_node.cpython-36.pyc
/home/isaacn/code/kraken/ROS/src/install/kraken/share/ament_index/resource_index/packages/kraken
/home/isaacn/code/kraken/ROS/src/install/kraken/share/kraken/package.xml
/home/isaacn/code/kraken/ROS/src/install/kraken/lib/python3.6/site-packages/kraken-0.0.0-py3.6.egg-info/zip-safe
/home/isaacn/code/kraken/ROS/src/install/kraken/lib/python3.6/site-packages/kraken-0.0.0-py3.6.egg-info/top_level.txt
/home/isaacn/code/kraken/ROS/src/install/kraken/lib/python3.6/site-packages/kraken-0.0.0-py3.6.egg-info/entry_points.txt
/home/isaacn/code/kraken/ROS/src/install/kraken/lib/python3.6/site-packages/kraken-0.0.0-py3.6.egg-info/PKG-INFO
/home/isaacn/code/kraken/ROS/src/install/kraken/lib/python3.6/site-packages/kraken-0.0.0-py3.6.egg-info/dependency_links.txt
/home/isaacn/code/kraken/ROS/src/install/kraken/lib/python3.6/site-packages/kraken-0.0.0-py3.6.egg-info/SOURCES.txt
/home/isaacn/code/kraken/ROS/src/install/kraken/lib/python3.6/site-packages/kraken-0.0.0-py3.6.egg-info/requires.txt
/home/isaacn/code/kraken/ROS/src/install/kraken/lib/kraken/depth_sensor
/home/isaacn/code/kraken/ROS/src/install/kraken/lib/kraken/imu
/home/isaacn/code/kraken/ROS/src/install/kraken/lib/kraken/mcu
