[0.786s] Invoking command in '/home/isaacn/code/kraken/ROS/src/kraken': PYTHONPATH=/home/isaacn/code/kraken/ROS/src/build/kraken/prefix_override:/home/isaacn/code/kraken/ROS/src/install/kraken/lib/python3.6/site-packages: /usr/bin/python3 setup.py egg_info --egg-base ../build/kraken build --build-base /home/isaacn/code/kraken/ROS/src/build/kraken/build install --record /home/isaacn/code/kraken/ROS/src/build/kraken/install.log --install-scripts $base/lib/kraken --single-version-externally-managed
[1.036s] running egg_info
[1.036s] writing ../build/kraken/kraken.egg-info/PKG-INFO
[1.036s] writing dependency_links to ../build/kraken/kraken.egg-info/dependency_links.txt
[1.037s] writing entry points to ../build/kraken/kraken.egg-info/entry_points.txt
[1.037s] writing requirements to ../build/kraken/kraken.egg-info/requires.txt
[1.038s] writing top-level names to ../build/kraken/kraken.egg-info/top_level.txt
[1.081s] reading manifest file '../build/kraken/kraken.egg-info/SOURCES.txt'
[1.082s] writing manifest file '../build/kraken/kraken.egg-info/SOURCES.txt'
[1.082s] running build
[1.082s] running build_py
[1.083s] copying kraken/motor_controller.py -> /home/isaacn/code/kraken/ROS/src/build/kraken/build/lib/kraken
[1.083s] running install
[1.084s] running install_lib
[1.085s] copying /home/isaacn/code/kraken/ROS/src/build/kraken/build/lib/kraken/motor_controller.py -> /home/isaacn/code/kraken/ROS/src/install/kraken/lib/python3.6/site-packages/kraken
[1.085s] byte-compiling /home/isaacn/code/kraken/ROS/src/install/kraken/lib/python3.6/site-packages/kraken/motor_controller.py to motor_controller.cpython-36.pyc
[1.086s] running install_data
[1.087s] running install_egg_info
[1.090s] removing '/home/isaacn/code/kraken/ROS/src/install/kraken/lib/python3.6/site-packages/kraken-0.0.0-py3.6.egg-info' (and everything under it)
[1.091s] Copying ../build/kraken/kraken.egg-info to /home/isaacn/code/kraken/ROS/src/install/kraken/lib/python3.6/site-packages/kraken-0.0.0-py3.6.egg-info
[1.091s] running install_scripts
[1.116s] Installing depth_sensor script to /home/isaacn/code/kraken/ROS/src/install/kraken/lib/kraken
[1.116s] Installing imu script to /home/isaacn/code/kraken/ROS/src/install/kraken/lib/kraken
[1.116s] Installing mcu script to /home/isaacn/code/kraken/ROS/src/install/kraken/lib/kraken
[1.117s] writing list of installed files to '/home/isaacn/code/kraken/ROS/src/build/kraken/install.log'
[1.146s] Invoked command in '/home/isaacn/code/kraken/ROS/src/kraken' returned '0': PYTHONPATH=/home/isaacn/code/kraken/ROS/src/build/kraken/prefix_override:/home/isaacn/code/kraken/ROS/src/install/kraken/lib/python3.6/site-packages: /usr/bin/python3 setup.py egg_info --egg-base ../build/kraken build --build-base /home/isaacn/code/kraken/ROS/src/build/kraken/build install --record /home/isaacn/code/kraken/ROS/src/build/kraken/install.log --install-scripts $base/lib/kraken --single-version-externally-managed
