[0.403s] Invoking command in '/home/isaacn/code/kraken/ROS/src/kraken': PYTHONPATH=/home/isaacn/code/kraken/ROS/src/build/kraken/prefix_override:/home/isaacn/code/kraken/ROS/src/install/kraken/lib/python3.6/site-packages:${PYTHONPATH} /usr/bin/python3 setup.py egg_info --egg-base ../build/kraken build --build-base /home/isaacn/code/kraken/ROS/src/build/kraken/build install --record /home/isaacn/code/kraken/ROS/src/build/kraken/install.log --install-scripts $base/lib/kraken --single-version-externally-managed
[0.543s] running egg_info
[0.544s] writing ../build/kraken/kraken.egg-info/PKG-INFO
[0.544s] writing dependency_links to ../build/kraken/kraken.egg-info/dependency_links.txt
[0.546s] writing entry points to ../build/kraken/kraken.egg-info/entry_points.txt
[0.546s] writing requirements to ../build/kraken/kraken.egg-info/requires.txt
[0.547s] writing top-level names to ../build/kraken/kraken.egg-info/top_level.txt
[0.566s] reading manifest file '../build/kraken/kraken.egg-info/SOURCES.txt'
[0.568s] writing manifest file '../build/kraken/kraken.egg-info/SOURCES.txt'
[0.568s] running build
[0.568s] running build_py
[0.569s] copying kraken/motor_controller.py -> /home/isaacn/code/kraken/ROS/src/build/kraken/build/lib/kraken
[0.570s] copying kraken/imu_node.py -> /home/isaacn/code/kraken/ROS/src/build/kraken/build/lib/kraken
[0.570s] running install
[0.570s] running install_lib
[0.572s] copying /home/isaacn/code/kraken/ROS/src/build/kraken/build/lib/kraken/motor_controller.py -> /home/isaacn/code/kraken/ROS/src/install/kraken/lib/python3.6/site-packages/kraken
[0.573s] copying /home/isaacn/code/kraken/ROS/src/build/kraken/build/lib/kraken/imu_node.py -> /home/isaacn/code/kraken/ROS/src/install/kraken/lib/python3.6/site-packages/kraken
[0.575s] byte-compiling /home/isaacn/code/kraken/ROS/src/install/kraken/lib/python3.6/site-packages/kraken/motor_controller.py to motor_controller.cpython-36.pyc
[0.575s] byte-compiling /home/isaacn/code/kraken/ROS/src/install/kraken/lib/python3.6/site-packages/kraken/imu_node.py to imu_node.cpython-36.pyc
[0.575s] running install_data
[0.580s] running install_egg_info
[0.581s] removing '/home/isaacn/code/kraken/ROS/src/install/kraken/lib/python3.6/site-packages/kraken-0.0.0-py3.6.egg-info' (and everything under it)
[0.581s] Copying ../build/kraken/kraken.egg-info to /home/isaacn/code/kraken/ROS/src/install/kraken/lib/python3.6/site-packages/kraken-0.0.0-py3.6.egg-info
[0.581s] running install_scripts
[0.596s] Installing depth_sensor script to /home/isaacn/code/kraken/ROS/src/install/kraken/lib/kraken
[0.597s] Installing imu script to /home/isaacn/code/kraken/ROS/src/install/kraken/lib/kraken
[0.597s] Installing mcu script to /home/isaacn/code/kraken/ROS/src/install/kraken/lib/kraken
[0.597s] writing list of installed files to '/home/isaacn/code/kraken/ROS/src/build/kraken/install.log'
[0.615s] Invoked command in '/home/isaacn/code/kraken/ROS/src/kraken' returned '0': PYTHONPATH=/home/isaacn/code/kraken/ROS/src/build/kraken/prefix_override:/home/isaacn/code/kraken/ROS/src/install/kraken/lib/python3.6/site-packages:${PYTHONPATH} /usr/bin/python3 setup.py egg_info --egg-base ../build/kraken build --build-base /home/isaacn/code/kraken/ROS/src/build/kraken/build install --record /home/isaacn/code/kraken/ROS/src/build/kraken/install.log --install-scripts $base/lib/kraken --single-version-externally-managed
