[0.788s] Invoking command in '/home/isaacn/code/kraken/build/kraken': PYTHONPATH=/home/isaacn/code/kraken/build/kraken/prefix_override:/home/isaacn/code/kraken/install/kraken/lib/python3.6/site-packages: /usr/bin/python3 setup.py develop --editable --build-directory /home/isaacn/code/kraken/build/kraken/build --no-deps install_data
[1.064s] running develop
[1.156s] running egg_info
[1.157s] writing kraken.egg-info/PKG-INFO
[1.157s] writing dependency_links to kraken.egg-info/dependency_links.txt
[1.157s] writing entry points to kraken.egg-info/entry_points.txt
[1.157s] writing requirements to kraken.egg-info/requires.txt
[1.157s] writing top-level names to kraken.egg-info/top_level.txt
[1.198s] reading manifest file 'kraken.egg-info/SOURCES.txt'
[1.199s] writing manifest file 'kraken.egg-info/SOURCES.txt'
[1.200s] running build_ext
[1.236s] Creating /home/isaacn/code/kraken/install/kraken/lib/python3.6/site-packages/site.py
[1.238s] Creating /home/isaacn/code/kraken/install/kraken/lib/python3.6/site-packages/kraken.egg-link (link to .)
[1.240s] Installing depth_sensor script to /home/isaacn/code/kraken/install/kraken/lib/kraken
[1.240s] Installing imu script to /home/isaacn/code/kraken/install/kraken/lib/kraken
[1.241s] Installing mcu script to /home/isaacn/code/kraken/install/kraken/lib/kraken
[1.241s] 
[1.241s] Installed /home/isaacn/code/kraken/build/kraken
[1.241s] running install_data
[1.274s] Invoked command in '/home/isaacn/code/kraken/build/kraken' returned '0': PYTHONPATH=/home/isaacn/code/kraken/build/kraken/prefix_override:/home/isaacn/code/kraken/install/kraken/lib/python3.6/site-packages: /usr/bin/python3 setup.py develop --editable --build-directory /home/isaacn/code/kraken/build/kraken/build --no-deps install_data
