[1.212s] Invoking command in '/home/isaacn/code/kraken/ROS/src/kraken': PYTHONPATH=/home/isaacn/code/kraken/ROS/build/kraken/prefix_override:/home/isaacn/code/kraken/ROS/install/kraken/lib/python3.6/site-packages: /usr/bin/python3 setup.py egg_info --egg-base ../../build/kraken build --build-base /home/isaacn/code/kraken/ROS/build/kraken/build install --record /home/isaacn/code/kraken/ROS/build/kraken/install.log --install-scripts $base/lib/kraken --single-version-externally-managed
[1.487s] running egg_info
[1.488s] writing ../../build/kraken/kraken.egg-info/PKG-INFO
[1.488s] writing dependency_links to ../../build/kraken/kraken.egg-info/dependency_links.txt
[1.488s] writing entry points to ../../build/kraken/kraken.egg-info/entry_points.txt
[1.488s] writing requirements to ../../build/kraken/kraken.egg-info/requires.txt
[1.489s] writing top-level names to ../../build/kraken/kraken.egg-info/top_level.txt
[1.533s] reading manifest file '../../build/kraken/kraken.egg-info/SOURCES.txt'
[1.534s] writing manifest file '../../build/kraken/kraken.egg-info/SOURCES.txt'
[1.534s] running build
[1.535s] running build_py
[1.535s] copying kraken/motor_controller.py -> /home/isaacn/code/kraken/ROS/build/kraken/build/lib/kraken
[1.536s] running install
[1.536s] running install_lib
[1.537s] copying /home/isaacn/code/kraken/ROS/build/kraken/build/lib/kraken/motor_controller.py -> /home/isaacn/code/kraken/ROS/install/kraken/lib/python3.6/site-packages/kraken
[1.538s] byte-compiling /home/isaacn/code/kraken/ROS/install/kraken/lib/python3.6/site-packages/kraken/motor_controller.py to motor_controller.cpython-36.pyc
[1.539s] running install_data
[1.540s] running install_egg_info
[1.543s] removing '/home/isaacn/code/kraken/ROS/install/kraken/lib/python3.6/site-packages/kraken-0.0.0-py3.6.egg-info' (and everything under it)
[1.544s] Copying ../../build/kraken/kraken.egg-info to /home/isaacn/code/kraken/ROS/install/kraken/lib/python3.6/site-packages/kraken-0.0.0-py3.6.egg-info
[1.544s] running install_scripts
[1.573s] Installing depth_sensor script to /home/isaacn/code/kraken/ROS/install/kraken/lib/kraken
[1.573s] Installing imu script to /home/isaacn/code/kraken/ROS/install/kraken/lib/kraken
[1.573s] Installing mcu script to /home/isaacn/code/kraken/ROS/install/kraken/lib/kraken
[1.573s] writing list of installed files to '/home/isaacn/code/kraken/ROS/build/kraken/install.log'
[1.606s] Invoked command in '/home/isaacn/code/kraken/ROS/src/kraken' returned '0': PYTHONPATH=/home/isaacn/code/kraken/ROS/build/kraken/prefix_override:/home/isaacn/code/kraken/ROS/install/kraken/lib/python3.6/site-packages: /usr/bin/python3 setup.py egg_info --egg-base ../../build/kraken build --build-base /home/isaacn/code/kraken/ROS/build/kraken/build install --record /home/isaacn/code/kraken/ROS/build/kraken/install.log --install-scripts $base/lib/kraken --single-version-externally-managed
