[0.319s] DEBUG:colcon:Command line arguments: ['/usr/bin/colcon', 'build', '--packages-select', 'kraken', '--symlink-install']
[0.320s] DEBUG:colcon:Parsed command line arguments: Namespace(allow_overriding=[], ament_cmake_args=None, base_paths=['.'], build_base='build', catkin_cmake_args=None, catkin_skip_building_tests=False, cmake_args=None, cmake_clean_cache=False, cmake_clean_first=False, cmake_force_configure=False, cmake_target=None, cmake_target_skip_unavailable=False, continue_on_error=False, event_handlers=None, executor='parallel', ignore_user_meta=False, install_base='install', log_base=None, log_level=None, main=<bound method BuildVerb.main of <colcon_core.verb.build.BuildVerb object at 0x7fb87ad437f0>>, merge_install=False, metas=['./colcon.meta'], packages_above=None, packages_above_and_dependencies=None, packages_above_depth=None, packages_end=None, packages_ignore=None, packages_ignore_regex=None, packages_select=['kraken'], packages_select_build_failed=False, packages_select_by_dep=None, packages_select_regex=None, packages_select_test_failures=False, packages_skip=None, packages_skip_build_finished=False, packages_skip_by_dep=None, packages_skip_regex=None, packages_skip_test_passed=False, packages_skip_up_to=None, packages_start=None, packages_up_to=None, packages_up_to_regex=None, parallel_workers=4, paths=None, symlink_install=True, test_result_base=None, verb_extension=<colcon_core.verb.build.BuildVerb object at 0x7fb87ad437f0>, verb_name='build', verb_parser=<colcon_defaults.argument_parser.defaults.DefaultArgumentsDecorator object at 0x7fb87ad43b38>)
[0.352s] Level 1:colcon.colcon_core.package_discovery:discover_packages(colcon_meta) check parameters
[0.352s] Level 1:colcon.colcon_core.package_discovery:discover_packages(recursive) check parameters
[0.352s] Level 1:colcon.colcon_core.package_discovery:discover_packages(ignore) check parameters
[0.353s] Level 1:colcon.colcon_core.package_discovery:discover_packages(path) check parameters
[0.354s] Level 1:colcon.colcon_core.package_discovery:discover_packages(colcon_meta) discover
[0.355s] Level 1:colcon.colcon_core.package_discovery:discover_packages(recursive) discover
[0.356s] INFO:colcon.colcon_core.package_discovery:Crawling recursively for packages in '/home/isaacn/code/kraken'
[0.356s] Level 1:colcon.colcon_core.package_identification:_identify(.) by extensions ['ignore', 'ignore_ament_install']
[0.356s] Level 1:colcon.colcon_core.package_identification:_identify(.) by extension 'ignore'
[0.356s] Level 1:colcon.colcon_core.package_identification:_identify(.) by extension 'ignore_ament_install'
[0.356s] Level 1:colcon.colcon_core.package_identification:_identify(.) by extensions ['colcon_pkg']
[0.356s] Level 1:colcon.colcon_core.package_identification:_identify(.) by extension 'colcon_pkg'
[0.356s] Level 1:colcon.colcon_core.package_identification:_identify(.) by extensions ['colcon_meta']
[0.356s] Level 1:colcon.colcon_core.package_identification:_identify(.) by extension 'colcon_meta'
[0.357s] Level 1:colcon.colcon_core.package_identification:_identify(.) by extensions ['ros']
[0.357s] Level 1:colcon.colcon_core.package_identification:_identify(.) by extension 'ros'
[0.372s] Level 1:colcon.colcon_core.package_identification:_identify(.) by extensions ['cmake', 'python']
[0.372s] Level 1:colcon.colcon_core.package_identification:_identify(.) by extension 'cmake'
[0.372s] Level 1:colcon.colcon_core.package_identification:_identify(.) by extension 'python'
[0.372s] Level 1:colcon.colcon_core.package_identification:_identify(.) by extensions ['python_setup_py']
[0.372s] Level 1:colcon.colcon_core.package_identification:_identify(.) by extension 'python_setup_py'
[0.373s] Level 1:colcon.colcon_core.package_identification:_identify(ComputerVision) by extensions ['ignore', 'ignore_ament_install']
[0.373s] Level 1:colcon.colcon_core.package_identification:_identify(ComputerVision) by extension 'ignore'
[0.373s] Level 1:colcon.colcon_core.package_identification:_identify(ComputerVision) by extension 'ignore_ament_install'
[0.373s] Level 1:colcon.colcon_core.package_identification:_identify(ComputerVision) by extensions ['colcon_pkg']
[0.373s] Level 1:colcon.colcon_core.package_identification:_identify(ComputerVision) by extension 'colcon_pkg'
[0.373s] Level 1:colcon.colcon_core.package_identification:_identify(ComputerVision) by extensions ['colcon_meta']
[0.373s] Level 1:colcon.colcon_core.package_identification:_identify(ComputerVision) by extension 'colcon_meta'
[0.373s] Level 1:colcon.colcon_core.package_identification:_identify(ComputerVision) by extensions ['ros']
[0.373s] Level 1:colcon.colcon_core.package_identification:_identify(ComputerVision) by extension 'ros'
[0.373s] Level 1:colcon.colcon_core.package_identification:_identify(ComputerVision) by extensions ['cmake', 'python']
[0.373s] Level 1:colcon.colcon_core.package_identification:_identify(ComputerVision) by extension 'cmake'
[0.373s] Level 1:colcon.colcon_core.package_identification:_identify(ComputerVision) by extension 'python'
[0.373s] Level 1:colcon.colcon_core.package_identification:_identify(ComputerVision) by extensions ['python_setup_py']
[0.373s] Level 1:colcon.colcon_core.package_identification:_identify(ComputerVision) by extension 'python_setup_py'
[0.373s] Level 1:colcon.colcon_core.package_identification:_identify(Documentation) by extensions ['ignore', 'ignore_ament_install']
[0.373s] Level 1:colcon.colcon_core.package_identification:_identify(Documentation) by extension 'ignore'
[0.374s] Level 1:colcon.colcon_core.package_identification:_identify(Documentation) by extension 'ignore_ament_install'
[0.374s] Level 1:colcon.colcon_core.package_identification:_identify(Documentation) by extensions ['colcon_pkg']
[0.374s] Level 1:colcon.colcon_core.package_identification:_identify(Documentation) by extension 'colcon_pkg'
[0.374s] Level 1:colcon.colcon_core.package_identification:_identify(Documentation) by extensions ['colcon_meta']
[0.374s] Level 1:colcon.colcon_core.package_identification:_identify(Documentation) by extension 'colcon_meta'
[0.374s] Level 1:colcon.colcon_core.package_identification:_identify(Documentation) by extensions ['ros']
[0.374s] Level 1:colcon.colcon_core.package_identification:_identify(Documentation) by extension 'ros'
[0.374s] Level 1:colcon.colcon_core.package_identification:_identify(Documentation) by extensions ['cmake', 'python']
[0.374s] Level 1:colcon.colcon_core.package_identification:_identify(Documentation) by extension 'cmake'
[0.374s] Level 1:colcon.colcon_core.package_identification:_identify(Documentation) by extension 'python'
[0.374s] Level 1:colcon.colcon_core.package_identification:_identify(Documentation) by extensions ['python_setup_py']
[0.374s] Level 1:colcon.colcon_core.package_identification:_identify(Documentation) by extension 'python_setup_py'
[0.374s] Level 1:colcon.colcon_core.package_identification:_identify(ROS) by extensions ['ignore', 'ignore_ament_install']
[0.374s] Level 1:colcon.colcon_core.package_identification:_identify(ROS) by extension 'ignore'
[0.375s] Level 1:colcon.colcon_core.package_identification:_identify(ROS) by extension 'ignore_ament_install'
[0.375s] Level 1:colcon.colcon_core.package_identification:_identify(ROS) by extensions ['colcon_pkg']
[0.375s] Level 1:colcon.colcon_core.package_identification:_identify(ROS) by extension 'colcon_pkg'
[0.375s] Level 1:colcon.colcon_core.package_identification:_identify(ROS) by extensions ['colcon_meta']
[0.375s] Level 1:colcon.colcon_core.package_identification:_identify(ROS) by extension 'colcon_meta'
[0.375s] Level 1:colcon.colcon_core.package_identification:_identify(ROS) by extensions ['ros']
[0.375s] Level 1:colcon.colcon_core.package_identification:_identify(ROS) by extension 'ros'
[0.375s] Level 1:colcon.colcon_core.package_identification:_identify(ROS) by extensions ['cmake', 'python']
[0.375s] Level 1:colcon.colcon_core.package_identification:_identify(ROS) by extension 'cmake'
[0.375s] Level 1:colcon.colcon_core.package_identification:_identify(ROS) by extension 'python'
[0.375s] Level 1:colcon.colcon_core.package_identification:_identify(ROS) by extensions ['python_setup_py']
[0.375s] Level 1:colcon.colcon_core.package_identification:_identify(ROS) by extension 'python_setup_py'
[0.375s] Level 1:colcon.colcon_core.package_identification:_identify(ROS/src) by extensions ['ignore', 'ignore_ament_install']
[0.375s] Level 1:colcon.colcon_core.package_identification:_identify(ROS/src) by extension 'ignore'
[0.375s] Level 1:colcon.colcon_core.package_identification:_identify(ROS/src) by extension 'ignore_ament_install'
[0.375s] Level 1:colcon.colcon_core.package_identification:_identify(ROS/src) by extensions ['colcon_pkg']
[0.375s] Level 1:colcon.colcon_core.package_identification:_identify(ROS/src) by extension 'colcon_pkg'
[0.375s] Level 1:colcon.colcon_core.package_identification:_identify(ROS/src) by extensions ['colcon_meta']
[0.375s] Level 1:colcon.colcon_core.package_identification:_identify(ROS/src) by extension 'colcon_meta'
[0.376s] Level 1:colcon.colcon_core.package_identification:_identify(ROS/src) by extensions ['ros']
[0.376s] Level 1:colcon.colcon_core.package_identification:_identify(ROS/src) by extension 'ros'
[0.376s] Level 1:colcon.colcon_core.package_identification:_identify(ROS/src) by extensions ['cmake', 'python']
[0.376s] Level 1:colcon.colcon_core.package_identification:_identify(ROS/src) by extension 'cmake'
[0.376s] Level 1:colcon.colcon_core.package_identification:_identify(ROS/src) by extension 'python'
[0.376s] Level 1:colcon.colcon_core.package_identification:_identify(ROS/src) by extensions ['python_setup_py']
[0.376s] Level 1:colcon.colcon_core.package_identification:_identify(ROS/src) by extension 'python_setup_py'
[0.376s] Level 1:colcon.colcon_core.package_identification:_identify(ROS/src/build) by extensions ['ignore', 'ignore_ament_install']
[0.376s] Level 1:colcon.colcon_core.package_identification:_identify(ROS/src/build) by extension 'ignore'
[0.376s] Level 1:colcon.colcon_core.package_identification:_identify(ROS/src/build) ignored
[0.376s] Level 1:colcon.colcon_core.package_identification:_identify(ROS/src/install) by extensions ['ignore', 'ignore_ament_install']
[0.377s] Level 1:colcon.colcon_core.package_identification:_identify(ROS/src/install) by extension 'ignore'
[0.377s] Level 1:colcon.colcon_core.package_identification:_identify(ROS/src/install) ignored
[0.377s] Level 1:colcon.colcon_core.package_identification:_identify(ROS/src/kraken) by extensions ['ignore', 'ignore_ament_install']
[0.377s] Level 1:colcon.colcon_core.package_identification:_identify(ROS/src/kraken) by extension 'ignore'
[0.377s] Level 1:colcon.colcon_core.package_identification:_identify(ROS/src/kraken) by extension 'ignore_ament_install'
[0.377s] Level 1:colcon.colcon_core.package_identification:_identify(ROS/src/kraken) by extensions ['colcon_pkg']
[0.377s] Level 1:colcon.colcon_core.package_identification:_identify(ROS/src/kraken) by extension 'colcon_pkg'
[0.377s] Level 1:colcon.colcon_core.package_identification:_identify(ROS/src/kraken) by extensions ['colcon_meta']
[0.377s] Level 1:colcon.colcon_core.package_identification:_identify(ROS/src/kraken) by extension 'colcon_meta'
[0.377s] Level 1:colcon.colcon_core.package_identification:_identify(ROS/src/kraken) by extensions ['ros']
[0.377s] Level 1:colcon.colcon_core.package_identification:_identify(ROS/src/kraken) by extension 'ros'
[0.381s] DEBUG:colcon.colcon_core.package_identification:Package 'ROS/src/kraken' with type 'ros.ament_python' and name 'kraken'
[0.381s] Level 1:colcon.colcon_core.package_identification:_identify(ROS/src/log) by extensions ['ignore', 'ignore_ament_install']
[0.381s] Level 1:colcon.colcon_core.package_identification:_identify(ROS/src/log) by extension 'ignore'
[0.381s] Level 1:colcon.colcon_core.package_identification:_identify(ROS/src/log) ignored
[0.381s] Level 1:colcon.colcon_core.package_identification:_identify(build) by extensions ['ignore', 'ignore_ament_install']
[0.381s] Level 1:colcon.colcon_core.package_identification:_identify(build) by extension 'ignore'
[0.381s] Level 1:colcon.colcon_core.package_identification:_identify(build) ignored
[0.381s] Level 1:colcon.colcon_core.package_identification:_identify(install) by extensions ['ignore', 'ignore_ament_install']
[0.382s] Level 1:colcon.colcon_core.package_identification:_identify(install) by extension 'ignore'
[0.382s] Level 1:colcon.colcon_core.package_identification:_identify(install) ignored
[0.382s] Level 1:colcon.colcon_core.package_identification:_identify(log) by extensions ['ignore', 'ignore_ament_install']
[0.383s] Level 1:colcon.colcon_core.package_identification:_identify(log) by extension 'ignore'
[0.383s] Level 1:colcon.colcon_core.package_identification:_identify(log) ignored
[0.383s] Level 1:colcon.colcon_core.package_identification:_identify(submarine) by extensions ['ignore', 'ignore_ament_install']
[0.383s] Level 1:colcon.colcon_core.package_identification:_identify(submarine) by extension 'ignore'
[0.383s] Level 1:colcon.colcon_core.package_identification:_identify(submarine) by extension 'ignore_ament_install'
[0.383s] Level 1:colcon.colcon_core.package_identification:_identify(submarine) by extensions ['colcon_pkg']
[0.384s] Level 1:colcon.colcon_core.package_identification:_identify(submarine) by extension 'colcon_pkg'
[0.384s] Level 1:colcon.colcon_core.package_identification:_identify(submarine) by extensions ['colcon_meta']
[0.384s] Level 1:colcon.colcon_core.package_identification:_identify(submarine) by extension 'colcon_meta'
[0.384s] Level 1:colcon.colcon_core.package_identification:_identify(submarine) by extensions ['ros']
[0.384s] Level 1:colcon.colcon_core.package_identification:_identify(submarine) by extension 'ros'
[0.385s] DEBUG:colcon.colcon_core.package_identification:Package 'submarine' with type 'ros.ament_cmake' and name 'submarine'
[0.385s] Level 1:colcon.colcon_core.package_discovery:discover_packages(recursive) using defaults
[0.385s] Level 1:colcon.colcon_core.package_discovery:discover_packages(ignore) discover
[0.385s] Level 1:colcon.colcon_core.package_discovery:discover_packages(ignore) using defaults
[0.385s] Level 1:colcon.colcon_core.package_discovery:discover_packages(path) discover
[0.385s] Level 1:colcon.colcon_core.package_discovery:discover_packages(path) using defaults
[0.406s] INFO:colcon.colcon_core.package_selection:Skipping not selected package 'submarine' in 'submarine'
[0.407s] Level 1:colcon.colcon_core.package_discovery:discover_packages(prefix_path) check parameters
[0.407s] Level 1:colcon.colcon_core.package_discovery:discover_packages(prefix_path) discover
[0.412s] DEBUG:colcon.colcon_installed_package_information.package_discovery:Found 227 installed packages in /opt/ros/eloquent
[0.443s] Level 1:colcon.colcon_core.package_discovery:discover_packages(prefix_path) using defaults
[0.530s] Level 5:colcon.colcon_core.verb:set package 'kraken' build argument 'cmake_args' from command line to 'None'
[0.530s] Level 5:colcon.colcon_core.verb:set package 'kraken' build argument 'cmake_target' from command line to 'None'
[0.530s] Level 5:colcon.colcon_core.verb:set package 'kraken' build argument 'cmake_target_skip_unavailable' from command line to 'False'
[0.530s] Level 5:colcon.colcon_core.verb:set package 'kraken' build argument 'cmake_clean_cache' from command line to 'False'
[0.530s] Level 5:colcon.colcon_core.verb:set package 'kraken' build argument 'cmake_clean_first' from command line to 'False'
[0.530s] Level 5:colcon.colcon_core.verb:set package 'kraken' build argument 'cmake_force_configure' from command line to 'False'
[0.530s] Level 5:colcon.colcon_core.verb:set package 'kraken' build argument 'ament_cmake_args' from command line to 'None'
[0.530s] Level 5:colcon.colcon_core.verb:set package 'kraken' build argument 'catkin_cmake_args' from command line to 'None'
[0.530s] Level 5:colcon.colcon_core.verb:set package 'kraken' build argument 'catkin_skip_building_tests' from command line to 'False'
[0.530s] DEBUG:colcon.colcon_core.verb:Building package 'kraken' with the following arguments: {'ament_cmake_args': None, 'build_base': '/home/isaacn/code/kraken/build/kraken', 'catkin_cmake_args': None, 'catkin_skip_building_tests': False, 'cmake_args': None, 'cmake_clean_cache': False, 'cmake_clean_first': False, 'cmake_force_configure': False, 'cmake_target': None, 'cmake_target_skip_unavailable': False, 'install_base': '/home/isaacn/code/kraken/install/kraken', 'merge_install': False, 'path': '/home/isaacn/code/kraken/ROS/src/kraken', 'symlink_install': True, 'test_result_base': None}
[0.530s] INFO:colcon.colcon_core.executor:Executing jobs using 'parallel' executor
[0.533s] DEBUG:colcon.colcon_parallel_executor.executor.parallel:run_until_complete
[0.533s] INFO:colcon.colcon_ros.task.ament_python.build:Building ROS package in '/home/isaacn/code/kraken/ROS/src/kraken' with build type 'ament_python'
[0.533s] Level 1:colcon.colcon_core.shell:create_environment_hook('kraken', 'ament_prefix_path')
[0.538s] INFO:colcon.colcon_core.plugin_system:Skipping extension 'colcon_core.shell.bat': Not used on non-Windows systems
[0.538s] INFO:colcon.colcon_core.shell:Creating environment hook '/home/isaacn/code/kraken/install/kraken/share/kraken/hook/ament_prefix_path.ps1'
[0.540s] INFO:colcon.colcon_core.shell:Creating environment descriptor '/home/isaacn/code/kraken/install/kraken/share/kraken/hook/ament_prefix_path.dsv'
[0.542s] INFO:colcon.colcon_core.shell:Creating environment hook '/home/isaacn/code/kraken/install/kraken/share/kraken/hook/ament_prefix_path.sh'
[0.544s] INFO:colcon.colcon_core.shell:Skip shell extension 'powershell' for command environment: Not usable outside of PowerShell
[0.544s] DEBUG:colcon.colcon_core.shell:Skip shell extension 'dsv' for command environment
[0.851s] INFO:colcon.colcon_core.task.python.build:Building Python package in '/home/isaacn/code/kraken/ROS/src/kraken'
[0.852s] INFO:colcon.colcon_core.shell:Skip shell extension 'powershell' for command environment: Not usable outside of PowerShell
[0.853s] DEBUG:colcon.colcon_core.shell:Skip shell extension 'dsv' for command environment
[1.318s] DEBUG:colcon.colcon_core.event_handler.log_command:Invoking command in '/home/isaacn/code/kraken/build/kraken': PYTHONPATH=/home/isaacn/code/kraken/build/kraken/prefix_override:/home/isaacn/code/kraken/install/kraken/lib/python3.6/site-packages:${PYTHONPATH} /usr/bin/python3 setup.py develop --editable --build-directory /home/isaacn/code/kraken/build/kraken/build --no-deps install_data
[1.821s] Level 1:colcon.colcon_core.shell:create_environment_hook('kraken', 'pythonpath_develop')
[1.822s] DEBUG:colcon.colcon_core.event_handler.log_command:Invoked command in '/home/isaacn/code/kraken/build/kraken' returned '0': PYTHONPATH=/home/isaacn/code/kraken/build/kraken/prefix_override:/home/isaacn/code/kraken/install/kraken/lib/python3.6/site-packages:${PYTHONPATH} /usr/bin/python3 setup.py develop --editable --build-directory /home/isaacn/code/kraken/build/kraken/build --no-deps install_data
[1.823s] INFO:colcon.colcon_core.shell:Creating environment hook '/home/isaacn/code/kraken/build/kraken/share/kraken/hook/pythonpath_develop.ps1'
[1.825s] INFO:colcon.colcon_core.shell:Creating environment descriptor '/home/isaacn/code/kraken/build/kraken/share/kraken/hook/pythonpath_develop.dsv'
[1.826s] INFO:colcon.colcon_core.shell:Creating environment hook '/home/isaacn/code/kraken/build/kraken/share/kraken/hook/pythonpath_develop.sh'
[1.831s] Level 1:colcon.colcon_core.environment:checking '/home/isaacn/code/kraken/install/kraken' for CMake module files
[1.832s] Level 1:colcon.colcon_core.environment:checking '/home/isaacn/code/kraken/install/kraken' for CMake config files
[1.834s] Level 1:colcon.colcon_core.environment:checking '/home/isaacn/code/kraken/install/kraken/lib'
[1.834s] Level 1:colcon.colcon_core.environment:checking '/home/isaacn/code/kraken/install/kraken/bin'
[1.835s] Level 1:colcon.colcon_core.environment:checking '/home/isaacn/code/kraken/install/kraken/lib/pkgconfig/kraken.pc'
[1.835s] Level 1:colcon.colcon_core.environment:checking '/home/isaacn/code/kraken/install/kraken/lib/python3.6/site-packages'
[1.835s] Level 1:colcon.colcon_core.shell:create_environment_hook('kraken', 'pythonpath')
[1.836s] INFO:colcon.colcon_core.shell:Creating environment hook '/home/isaacn/code/kraken/install/kraken/share/kraken/hook/pythonpath.ps1'
[1.837s] INFO:colcon.colcon_core.shell:Creating environment descriptor '/home/isaacn/code/kraken/install/kraken/share/kraken/hook/pythonpath.dsv'
[1.837s] INFO:colcon.colcon_core.shell:Creating environment hook '/home/isaacn/code/kraken/install/kraken/share/kraken/hook/pythonpath.sh'
[1.838s] Level 1:colcon.colcon_core.environment:checking '/home/isaacn/code/kraken/install/kraken/bin'
[1.839s] Level 1:colcon.colcon_core.environment:create_environment_scripts_only(kraken)
[1.839s] INFO:colcon.colcon_core.shell:Creating package script '/home/isaacn/code/kraken/install/kraken/share/kraken/package.ps1'
[1.840s] INFO:colcon.colcon_core.shell:Creating package descriptor '/home/isaacn/code/kraken/install/kraken/share/kraken/package.dsv'
[1.841s] INFO:colcon.colcon_core.shell:Creating package script '/home/isaacn/code/kraken/install/kraken/share/kraken/package.sh'
[1.843s] INFO:colcon.colcon_core.shell:Creating package script '/home/isaacn/code/kraken/install/kraken/share/kraken/package.bash'
[1.844s] INFO:colcon.colcon_core.shell:Creating package script '/home/isaacn/code/kraken/install/kraken/share/kraken/package.zsh'
[1.845s] Level 1:colcon.colcon_core.environment:create_file_with_runtime_dependencies(/home/isaacn/code/kraken/install/kraken/share/colcon-core/packages/kraken)
[1.846s] DEBUG:colcon.colcon_parallel_executor.executor.parallel:closing loop
[1.847s] DEBUG:colcon.colcon_parallel_executor.executor.parallel:loop closed
[1.848s] DEBUG:colcon.colcon_parallel_executor.executor.parallel:run_until_complete finished with '0'
[1.849s] DEBUG:colcon.colcon_core.event_reactor:joining thread
[1.856s] INFO:colcon.colcon_core.plugin_system:Skipping extension 'colcon_notification.desktop_notification.terminal_notifier': Not used on non-Darwin systems
[1.856s] INFO:colcon.colcon_core.plugin_system:Skipping extension 'colcon_notification.desktop_notification.win32': Not used on non-Windows systems
[1.856s] INFO:colcon.colcon_notification.desktop_notification:Sending desktop notification using 'notify2'
[1.871s] DEBUG:colcon.colcon_core.event_reactor:joined thread
[1.873s] INFO:colcon.colcon_core.shell:Creating prefix script '/home/isaacn/code/kraken/install/local_setup.ps1'
[1.877s] INFO:colcon.colcon_core.shell:Creating prefix util module '/home/isaacn/code/kraken/install/_local_setup_util_ps1.py'
[1.883s] INFO:colcon.colcon_core.shell:Creating prefix chain script '/home/isaacn/code/kraken/install/setup.ps1'
[1.884s] INFO:colcon.colcon_core.shell:Creating prefix script '/home/isaacn/code/kraken/install/local_setup.sh'
[1.885s] INFO:colcon.colcon_core.shell:Creating prefix util module '/home/isaacn/code/kraken/install/_local_setup_util_sh.py'
[1.886s] INFO:colcon.colcon_core.shell:Creating prefix chain script '/home/isaacn/code/kraken/install/setup.sh'
[1.888s] INFO:colcon.colcon_core.shell:Creating prefix script '/home/isaacn/code/kraken/install/local_setup.bash'
[1.889s] INFO:colcon.colcon_core.shell:Creating prefix chain script '/home/isaacn/code/kraken/install/setup.bash'
[1.891s] INFO:colcon.colcon_core.shell:Creating prefix script '/home/isaacn/code/kraken/install/local_setup.zsh'
[1.892s] INFO:colcon.colcon_core.shell:Creating prefix chain script '/home/isaacn/code/kraken/install/setup.zsh'
