[0.515s] Invoking command in '/home/isaacn/code/kraken/ROS/src/kraken': PYTHONPATH=/home/isaacn/code/kraken/ROS/build/kraken/prefix_override:/home/isaacn/code/kraken/ROS/install/kraken/lib/python3.6/site-packages: /usr/bin/python3 setup.py egg_info --egg-base ../../build/kraken build --build-base /home/isaacn/code/kraken/ROS/build/kraken/build install --record /home/isaacn/code/kraken/ROS/build/kraken/install.log --install-scripts $base/lib/kraken --single-version-externally-managed
[0.641s] running egg_info
[0.644s] writing ../../build/kraken/kraken.egg-info/PKG-INFO
[0.645s] writing dependency_links to ../../build/kraken/kraken.egg-info/dependency_links.txt
[0.645s] writing entry points to ../../build/kraken/kraken.egg-info/entry_points.txt
[0.645s] writing requirements to ../../build/kraken/kraken.egg-info/requires.txt
[0.645s] writing top-level names to ../../build/kraken/kraken.egg-info/top_level.txt
[0.672s] reading manifest file '../../build/kraken/kraken.egg-info/SOURCES.txt'
[0.679s] writing manifest file '../../build/kraken/kraken.egg-info/SOURCES.txt'
[0.679s] running build
[0.679s] running build_py
[0.679s] copying kraken/motor_controller.py -> /home/isaacn/code/kraken/ROS/build/kraken/build/lib/kraken
[0.679s] running install
[0.679s] running install_lib
[0.679s] copying /home/isaacn/code/kraken/ROS/build/kraken/build/lib/kraken/motor_controller.py -> /home/isaacn/code/kraken/ROS/install/kraken/lib/python3.6/site-packages/kraken
[0.679s] byte-compiling /home/isaacn/code/kraken/ROS/install/kraken/lib/python3.6/site-packages/kraken/motor_controller.py to motor_controller.cpython-36.pyc
[0.679s] running install_data
[0.679s] running install_egg_info
[0.679s] removing '/home/isaacn/code/kraken/ROS/install/kraken/lib/python3.6/site-packages/kraken-0.0.0-py3.6.egg-info' (and everything under it)
[0.679s] Copying ../../build/kraken/kraken.egg-info to /home/isaacn/code/kraken/ROS/install/kraken/lib/python3.6/site-packages/kraken-0.0.0-py3.6.egg-info
[0.679s] running install_scripts
[0.688s] Installing depth_sensor script to /home/isaacn/code/kraken/ROS/install/kraken/lib/kraken
[0.688s] Installing imu script to /home/isaacn/code/kraken/ROS/install/kraken/lib/kraken
[0.689s] Installing mcu script to /home/isaacn/code/kraken/ROS/install/kraken/lib/kraken
[0.689s] writing list of installed files to '/home/isaacn/code/kraken/ROS/build/kraken/install.log'
[0.707s] Invoked command in '/home/isaacn/code/kraken/ROS/src/kraken' returned '0': PYTHONPATH=/home/isaacn/code/kraken/ROS/build/kraken/prefix_override:/home/isaacn/code/kraken/ROS/install/kraken/lib/python3.6/site-packages: /usr/bin/python3 setup.py egg_info --egg-base ../../build/kraken build --build-base /home/isaacn/code/kraken/ROS/build/kraken/build install --record /home/isaacn/code/kraken/ROS/build/kraken/install.log --install-scripts $base/lib/kraken --single-version-externally-managed
