[0.715s] Invoking command in '/home/isaacn/code/kraken/ROS/src/kraken': PYTHONPATH=/home/isaacn/code/kraken/build/kraken/prefix_override:/home/isaacn/code/kraken/install/kraken/lib/python3.6/site-packages: /usr/bin/python3 setup.py egg_info --egg-base ../../../build/kraken build --build-base /home/isaacn/code/kraken/build/kraken/build install --record /home/isaacn/code/kraken/build/kraken/install.log --install-scripts $base/lib/kraken --single-version-externally-managed
[0.983s] running egg_info
[0.984s] creating ../../../build/kraken/kraken.egg-info
[0.984s] writing ../../../build/kraken/kraken.egg-info/PKG-INFO
[0.985s] writing dependency_links to ../../../build/kraken/kraken.egg-info/dependency_links.txt
[0.985s] writing entry points to ../../../build/kraken/kraken.egg-info/entry_points.txt
[0.985s] writing requirements to ../../../build/kraken/kraken.egg-info/requires.txt
[0.985s] writing top-level names to ../../../build/kraken/kraken.egg-info/top_level.txt
[0.986s] writing manifest file '../../../build/kraken/kraken.egg-info/SOURCES.txt'
[1.028s] reading manifest file '../../../build/kraken/kraken.egg-info/SOURCES.txt'
[1.029s] writing manifest file '../../../build/kraken/kraken.egg-info/SOURCES.txt'
[1.030s] running build
[1.030s] running build_py
[1.030s] creating /home/isaacn/code/kraken/build/kraken/build
[1.030s] creating /home/isaacn/code/kraken/build/kraken/build/lib
[1.030s] creating /home/isaacn/code/kraken/build/kraken/build/lib/kraken
[1.030s] copying kraken/__init__.py -> /home/isaacn/code/kraken/build/kraken/build/lib/kraken
[1.030s] copying kraken/depth_sensor_node.py -> /home/isaacn/code/kraken/build/kraken/build/lib/kraken
[1.030s] copying kraken/motor_controller.py -> /home/isaacn/code/kraken/build/kraken/build/lib/kraken
[1.030s] copying kraken/imu_node.py -> /home/isaacn/code/kraken/build/kraken/build/lib/kraken
[1.031s] running install
[1.031s] running install_lib
[1.032s] running install_data
[1.033s] running install_egg_info
[1.036s] removing '/home/isaacn/code/kraken/install/kraken/lib/python3.6/site-packages/kraken-0.0.0-py3.6.egg-info' (and everything under it)
[1.036s] Copying ../../../build/kraken/kraken.egg-info to /home/isaacn/code/kraken/install/kraken/lib/python3.6/site-packages/kraken-0.0.0-py3.6.egg-info
[1.037s] running install_scripts
[1.062s] Installing depth_sensor script to /home/isaacn/code/kraken/install/kraken/lib/kraken
[1.063s] Installing imu script to /home/isaacn/code/kraken/install/kraken/lib/kraken
[1.064s] Installing mcu script to /home/isaacn/code/kraken/install/kraken/lib/kraken
[1.067s] writing list of installed files to '/home/isaacn/code/kraken/build/kraken/install.log'
[1.096s] Invoked command in '/home/isaacn/code/kraken/ROS/src/kraken' returned '0': PYTHONPATH=/home/isaacn/code/kraken/build/kraken/prefix_override:/home/isaacn/code/kraken/install/kraken/lib/python3.6/site-packages: /usr/bin/python3 setup.py egg_info --egg-base ../../../build/kraken build --build-base /home/isaacn/code/kraken/build/kraken/build install --record /home/isaacn/code/kraken/build/kraken/install.log --install-scripts $base/lib/kraken --single-version-externally-managed
