[0.270s] DEBUG:colcon:Command line arguments: ['/usr/bin/colcon', 'build', '--packages-select', 'kraken']
[0.270s] DEBUG:colcon:Parsed command line arguments: Namespace(allow_overriding=[], ament_cmake_args=None, base_paths=['.'], build_base='build', catkin_cmake_args=None, catkin_skip_building_tests=False, cmake_args=None, cmake_clean_cache=False, cmake_clean_first=False, cmake_force_configure=False, cmake_target=None, cmake_target_skip_unavailable=False, continue_on_error=False, event_handlers=None, executor='parallel', ignore_user_meta=False, install_base='install', log_base=None, log_level=None, main=<bound method BuildVerb.main of <colcon_core.verb.build.BuildVerb object at 0x7f13e2278e48>>, merge_install=False, metas=['./colcon.meta'], packages_above=None, packages_above_and_dependencies=None, packages_above_depth=None, packages_end=None, packages_ignore=None, packages_ignore_regex=None, packages_select=['kraken'], packages_select_build_failed=False, packages_select_by_dep=None, packages_select_regex=None, packages_select_test_failures=False, packages_skip=None, packages_skip_build_finished=False, packages_skip_by_dep=None, packages_skip_regex=None, packages_skip_test_passed=False, packages_skip_up_to=None, packages_start=None, packages_up_to=None, packages_up_to_regex=None, parallel_workers=4, paths=None, symlink_install=False, test_result_base=None, verb_extension=<colcon_core.verb.build.BuildVerb object at 0x7f13e2278e48>, verb_name='build', verb_parser=<colcon_defaults.argument_parser.defaults.DefaultArgumentsDecorator object at 0x7f13e1fde1d0>)
[0.297s] Level 1:colcon.colcon_core.package_discovery:discover_packages(colcon_meta) check parameters
[0.297s] Level 1:colcon.colcon_core.package_discovery:discover_packages(recursive) check parameters
[0.298s] Level 1:colcon.colcon_core.package_discovery:discover_packages(ignore) check parameters
[0.298s] Level 1:colcon.colcon_core.package_discovery:discover_packages(path) check parameters
[0.298s] Level 1:colcon.colcon_core.package_discovery:discover_packages(colcon_meta) discover
[0.299s] Level 1:colcon.colcon_core.package_discovery:discover_packages(recursive) discover
[0.299s] INFO:colcon.colcon_core.package_discovery:Crawling recursively for packages in '/home/isaacn/code/kraken'
[0.299s] Level 1:colcon.colcon_core.package_identification:_identify(.) by extensions ['ignore', 'ignore_ament_install']
[0.299s] Level 1:colcon.colcon_core.package_identification:_identify(.) by extension 'ignore'
[0.299s] Level 1:colcon.colcon_core.package_identification:_identify(.) by extension 'ignore_ament_install'
[0.299s] Level 1:colcon.colcon_core.package_identification:_identify(.) by extensions ['colcon_pkg']
[0.299s] Level 1:colcon.colcon_core.package_identification:_identify(.) by extension 'colcon_pkg'
[0.299s] Level 1:colcon.colcon_core.package_identification:_identify(.) by extensions ['colcon_meta']
[0.299s] Level 1:colcon.colcon_core.package_identification:_identify(.) by extension 'colcon_meta'
[0.299s] Level 1:colcon.colcon_core.package_identification:_identify(.) by extensions ['ros']
[0.299s] Level 1:colcon.colcon_core.package_identification:_identify(.) by extension 'ros'
[0.315s] Level 1:colcon.colcon_core.package_identification:_identify(.) by extensions ['cmake', 'python']
[0.316s] Level 1:colcon.colcon_core.package_identification:_identify(.) by extension 'cmake'
[0.316s] Level 1:colcon.colcon_core.package_identification:_identify(.) by extension 'python'
[0.316s] Level 1:colcon.colcon_core.package_identification:_identify(.) by extensions ['python_setup_py']
[0.316s] Level 1:colcon.colcon_core.package_identification:_identify(.) by extension 'python_setup_py'
[0.316s] Level 1:colcon.colcon_core.package_identification:_identify(ComputerVision) by extensions ['ignore', 'ignore_ament_install']
[0.316s] Level 1:colcon.colcon_core.package_identification:_identify(ComputerVision) by extension 'ignore'
[0.316s] Level 1:colcon.colcon_core.package_identification:_identify(ComputerVision) by extension 'ignore_ament_install'
[0.316s] Level 1:colcon.colcon_core.package_identification:_identify(ComputerVision) by extensions ['colcon_pkg']
[0.316s] Level 1:colcon.colcon_core.package_identification:_identify(ComputerVision) by extension 'colcon_pkg'
[0.316s] Level 1:colcon.colcon_core.package_identification:_identify(ComputerVision) by extensions ['colcon_meta']
[0.316s] Level 1:colcon.colcon_core.package_identification:_identify(ComputerVision) by extension 'colcon_meta'
[0.316s] Level 1:colcon.colcon_core.package_identification:_identify(ComputerVision) by extensions ['ros']
[0.316s] Level 1:colcon.colcon_core.package_identification:_identify(ComputerVision) by extension 'ros'
[0.317s] Level 1:colcon.colcon_core.package_identification:_identify(ComputerVision) by extensions ['cmake', 'python']
[0.317s] Level 1:colcon.colcon_core.package_identification:_identify(ComputerVision) by extension 'cmake'
[0.317s] Level 1:colcon.colcon_core.package_identification:_identify(ComputerVision) by extension 'python'
[0.317s] Level 1:colcon.colcon_core.package_identification:_identify(ComputerVision) by extensions ['python_setup_py']
[0.317s] Level 1:colcon.colcon_core.package_identification:_identify(ComputerVision) by extension 'python_setup_py'
[0.317s] Level 1:colcon.colcon_core.package_identification:_identify(Documentation) by extensions ['ignore', 'ignore_ament_install']
[0.317s] Level 1:colcon.colcon_core.package_identification:_identify(Documentation) by extension 'ignore'
[0.317s] Level 1:colcon.colcon_core.package_identification:_identify(Documentation) by extension 'ignore_ament_install'
[0.317s] Level 1:colcon.colcon_core.package_identification:_identify(Documentation) by extensions ['colcon_pkg']
[0.317s] Level 1:colcon.colcon_core.package_identification:_identify(Documentation) by extension 'colcon_pkg'
[0.317s] Level 1:colcon.colcon_core.package_identification:_identify(Documentation) by extensions ['colcon_meta']
[0.317s] Level 1:colcon.colcon_core.package_identification:_identify(Documentation) by extension 'colcon_meta'
[0.317s] Level 1:colcon.colcon_core.package_identification:_identify(Documentation) by extensions ['ros']
[0.317s] Level 1:colcon.colcon_core.package_identification:_identify(Documentation) by extension 'ros'
[0.317s] Level 1:colcon.colcon_core.package_identification:_identify(Documentation) by extensions ['cmake', 'python']
[0.317s] Level 1:colcon.colcon_core.package_identification:_identify(Documentation) by extension 'cmake'
[0.317s] Level 1:colcon.colcon_core.package_identification:_identify(Documentation) by extension 'python'
[0.317s] Level 1:colcon.colcon_core.package_identification:_identify(Documentation) by extensions ['python_setup_py']
[0.317s] Level 1:colcon.colcon_core.package_identification:_identify(Documentation) by extension 'python_setup_py'
[0.318s] Level 1:colcon.colcon_core.package_identification:_identify(ROS) by extensions ['ignore', 'ignore_ament_install']
[0.318s] Level 1:colcon.colcon_core.package_identification:_identify(ROS) by extension 'ignore'
[0.318s] Level 1:colcon.colcon_core.package_identification:_identify(ROS) by extension 'ignore_ament_install'
[0.318s] Level 1:colcon.colcon_core.package_identification:_identify(ROS) by extensions ['colcon_pkg']
[0.318s] Level 1:colcon.colcon_core.package_identification:_identify(ROS) by extension 'colcon_pkg'
[0.318s] Level 1:colcon.colcon_core.package_identification:_identify(ROS) by extensions ['colcon_meta']
[0.318s] Level 1:colcon.colcon_core.package_identification:_identify(ROS) by extension 'colcon_meta'
[0.318s] Level 1:colcon.colcon_core.package_identification:_identify(ROS) by extensions ['ros']
[0.318s] Level 1:colcon.colcon_core.package_identification:_identify(ROS) by extension 'ros'
[0.318s] Level 1:colcon.colcon_core.package_identification:_identify(ROS) by extensions ['cmake', 'python']
[0.318s] Level 1:colcon.colcon_core.package_identification:_identify(ROS) by extension 'cmake'
[0.318s] Level 1:colcon.colcon_core.package_identification:_identify(ROS) by extension 'python'
[0.318s] Level 1:colcon.colcon_core.package_identification:_identify(ROS) by extensions ['python_setup_py']
[0.318s] Level 1:colcon.colcon_core.package_identification:_identify(ROS) by extension 'python_setup_py'
[0.318s] Level 1:colcon.colcon_core.package_identification:_identify(ROS/install) by extensions ['ignore', 'ignore_ament_install']
[0.319s] Level 1:colcon.colcon_core.package_identification:_identify(ROS/install) by extension 'ignore'
[0.319s] Level 1:colcon.colcon_core.package_identification:_identify(ROS/install) ignored
[0.319s] Level 1:colcon.colcon_core.package_identification:_identify(ROS/log) by extensions ['ignore', 'ignore_ament_install']
[0.320s] Level 1:colcon.colcon_core.package_identification:_identify(ROS/log) by extension 'ignore'
[0.320s] Level 1:colcon.colcon_core.package_identification:_identify(ROS/log) ignored
[0.320s] Level 1:colcon.colcon_core.package_identification:_identify(ROS/src) by extensions ['ignore', 'ignore_ament_install']
[0.320s] Level 1:colcon.colcon_core.package_identification:_identify(ROS/src) by extension 'ignore'
[0.320s] Level 1:colcon.colcon_core.package_identification:_identify(ROS/src) by extension 'ignore_ament_install'
[0.320s] Level 1:colcon.colcon_core.package_identification:_identify(ROS/src) by extensions ['colcon_pkg']
[0.320s] Level 1:colcon.colcon_core.package_identification:_identify(ROS/src) by extension 'colcon_pkg'
[0.320s] Level 1:colcon.colcon_core.package_identification:_identify(ROS/src) by extensions ['colcon_meta']
[0.321s] Level 1:colcon.colcon_core.package_identification:_identify(ROS/src) by extension 'colcon_meta'
[0.321s] Level 1:colcon.colcon_core.package_identification:_identify(ROS/src) by extensions ['ros']
[0.321s] Level 1:colcon.colcon_core.package_identification:_identify(ROS/src) by extension 'ros'
[0.321s] Level 1:colcon.colcon_core.package_identification:_identify(ROS/src) by extensions ['cmake', 'python']
[0.321s] Level 1:colcon.colcon_core.package_identification:_identify(ROS/src) by extension 'cmake'
[0.321s] Level 1:colcon.colcon_core.package_identification:_identify(ROS/src) by extension 'python'
[0.321s] Level 1:colcon.colcon_core.package_identification:_identify(ROS/src) by extensions ['python_setup_py']
[0.321s] Level 1:colcon.colcon_core.package_identification:_identify(ROS/src) by extension 'python_setup_py'
[0.321s] Level 1:colcon.colcon_core.package_identification:_identify(ROS/src/build) by extensions ['ignore', 'ignore_ament_install']
[0.321s] Level 1:colcon.colcon_core.package_identification:_identify(ROS/src/build) by extension 'ignore'
[0.321s] Level 1:colcon.colcon_core.package_identification:_identify(ROS/src/build) ignored
[0.322s] Level 1:colcon.colcon_core.package_identification:_identify(ROS/src/install) by extensions ['ignore', 'ignore_ament_install']
[0.322s] Level 1:colcon.colcon_core.package_identification:_identify(ROS/src/install) by extension 'ignore'
[0.322s] Level 1:colcon.colcon_core.package_identification:_identify(ROS/src/install) ignored
[0.322s] Level 1:colcon.colcon_core.package_identification:_identify(ROS/src/kraken) by extensions ['ignore', 'ignore_ament_install']
[0.322s] Level 1:colcon.colcon_core.package_identification:_identify(ROS/src/kraken) by extension 'ignore'
[0.322s] Level 1:colcon.colcon_core.package_identification:_identify(ROS/src/kraken) by extension 'ignore_ament_install'
[0.322s] Level 1:colcon.colcon_core.package_identification:_identify(ROS/src/kraken) by extensions ['colcon_pkg']
[0.322s] Level 1:colcon.colcon_core.package_identification:_identify(ROS/src/kraken) by extension 'colcon_pkg'
[0.322s] Level 1:colcon.colcon_core.package_identification:_identify(ROS/src/kraken) by extensions ['colcon_meta']
[0.322s] Level 1:colcon.colcon_core.package_identification:_identify(ROS/src/kraken) by extension 'colcon_meta'
[0.322s] Level 1:colcon.colcon_core.package_identification:_identify(ROS/src/kraken) by extensions ['ros']
[0.322s] Level 1:colcon.colcon_core.package_identification:_identify(ROS/src/kraken) by extension 'ros'
[0.326s] DEBUG:colcon.colcon_core.package_identification:Package 'ROS/src/kraken' with type 'ros.ament_python' and name 'kraken'
[0.327s] Level 1:colcon.colcon_core.package_identification:_identify(ROS/src/log) by extensions ['ignore', 'ignore_ament_install']
[0.327s] Level 1:colcon.colcon_core.package_identification:_identify(ROS/src/log) by extension 'ignore'
[0.327s] Level 1:colcon.colcon_core.package_identification:_identify(ROS/src/log) ignored
[0.327s] Level 1:colcon.colcon_core.package_identification:_identify(build) by extensions ['ignore', 'ignore_ament_install']
[0.327s] Level 1:colcon.colcon_core.package_identification:_identify(build) by extension 'ignore'
[0.327s] Level 1:colcon.colcon_core.package_identification:_identify(build) ignored
[0.327s] Level 1:colcon.colcon_core.package_identification:_identify(install) by extensions ['ignore', 'ignore_ament_install']
[0.327s] Level 1:colcon.colcon_core.package_identification:_identify(install) by extension 'ignore'
[0.328s] Level 1:colcon.colcon_core.package_identification:_identify(install) ignored
[0.328s] Level 1:colcon.colcon_core.package_identification:_identify(log) by extensions ['ignore', 'ignore_ament_install']
[0.328s] Level 1:colcon.colcon_core.package_identification:_identify(log) by extension 'ignore'
[0.328s] Level 1:colcon.colcon_core.package_identification:_identify(log) ignored
[0.328s] Level 1:colcon.colcon_core.package_identification:_identify(submarine) by extensions ['ignore', 'ignore_ament_install']
[0.328s] Level 1:colcon.colcon_core.package_identification:_identify(submarine) by extension 'ignore'
[0.328s] Level 1:colcon.colcon_core.package_identification:_identify(submarine) by extension 'ignore_ament_install'
[0.328s] Level 1:colcon.colcon_core.package_identification:_identify(submarine) by extensions ['colcon_pkg']
[0.328s] Level 1:colcon.colcon_core.package_identification:_identify(submarine) by extension 'colcon_pkg'
[0.328s] Level 1:colcon.colcon_core.package_identification:_identify(submarine) by extensions ['colcon_meta']
[0.328s] Level 1:colcon.colcon_core.package_identification:_identify(submarine) by extension 'colcon_meta'
[0.328s] Level 1:colcon.colcon_core.package_identification:_identify(submarine) by extensions ['ros']
[0.328s] Level 1:colcon.colcon_core.package_identification:_identify(submarine) by extension 'ros'
[0.329s] DEBUG:colcon.colcon_core.package_identification:Package 'submarine' with type 'ros.ament_cmake' and name 'submarine'
[0.329s] Level 1:colcon.colcon_core.package_discovery:discover_packages(recursive) using defaults
[0.329s] Level 1:colcon.colcon_core.package_discovery:discover_packages(ignore) discover
[0.329s] Level 1:colcon.colcon_core.package_discovery:discover_packages(ignore) using defaults
[0.329s] Level 1:colcon.colcon_core.package_discovery:discover_packages(path) discover
[0.329s] Level 1:colcon.colcon_core.package_discovery:discover_packages(path) using defaults
[0.350s] INFO:colcon.colcon_core.package_selection:Skipping not selected package 'submarine' in 'submarine'
[0.350s] Level 1:colcon.colcon_core.package_discovery:discover_packages(prefix_path) check parameters
[0.350s] Level 1:colcon.colcon_core.package_discovery:discover_packages(prefix_path) discover
[0.352s] Level 1:colcon.colcon_core.package_discovery:discover_packages(prefix_path) using defaults
[0.354s] Level 5:colcon.colcon_core.verb:set package 'kraken' build argument 'cmake_args' from command line to 'None'
[0.354s] Level 5:colcon.colcon_core.verb:set package 'kraken' build argument 'cmake_target' from command line to 'None'
[0.354s] Level 5:colcon.colcon_core.verb:set package 'kraken' build argument 'cmake_target_skip_unavailable' from command line to 'False'
[0.354s] Level 5:colcon.colcon_core.verb:set package 'kraken' build argument 'cmake_clean_cache' from command line to 'False'
[0.354s] Level 5:colcon.colcon_core.verb:set package 'kraken' build argument 'cmake_clean_first' from command line to 'False'
[0.354s] Level 5:colcon.colcon_core.verb:set package 'kraken' build argument 'cmake_force_configure' from command line to 'False'
[0.354s] Level 5:colcon.colcon_core.verb:set package 'kraken' build argument 'ament_cmake_args' from command line to 'None'
[0.354s] Level 5:colcon.colcon_core.verb:set package 'kraken' build argument 'catkin_cmake_args' from command line to 'None'
[0.354s] Level 5:colcon.colcon_core.verb:set package 'kraken' build argument 'catkin_skip_building_tests' from command line to 'False'
[0.354s] DEBUG:colcon.colcon_core.verb:Building package 'kraken' with the following arguments: {'ament_cmake_args': None, 'build_base': '/home/isaacn/code/kraken/build/kraken', 'catkin_cmake_args': None, 'catkin_skip_building_tests': False, 'cmake_args': None, 'cmake_clean_cache': False, 'cmake_clean_first': False, 'cmake_force_configure': False, 'cmake_target': None, 'cmake_target_skip_unavailable': False, 'install_base': '/home/isaacn/code/kraken/install/kraken', 'merge_install': False, 'path': '/home/isaacn/code/kraken/ROS/src/kraken', 'symlink_install': False, 'test_result_base': None}
[0.354s] INFO:colcon.colcon_core.executor:Executing jobs using 'parallel' executor
[0.357s] DEBUG:colcon.colcon_parallel_executor.executor.parallel:run_until_complete
[0.358s] INFO:colcon.colcon_ros.task.ament_python.build:Building ROS package in '/home/isaacn/code/kraken/ROS/src/kraken' with build type 'ament_python'
[0.358s] Level 1:colcon.colcon_core.shell:create_environment_hook('kraken', 'ament_prefix_path')
[0.362s] INFO:colcon.colcon_core.plugin_system:Skipping extension 'colcon_core.shell.bat': Not used on non-Windows systems
[0.362s] INFO:colcon.colcon_core.shell:Creating environment hook '/home/isaacn/code/kraken/install/kraken/share/kraken/hook/ament_prefix_path.ps1'
[0.363s] INFO:colcon.colcon_core.shell:Creating environment descriptor '/home/isaacn/code/kraken/install/kraken/share/kraken/hook/ament_prefix_path.dsv'
[0.364s] INFO:colcon.colcon_core.shell:Creating environment hook '/home/isaacn/code/kraken/install/kraken/share/kraken/hook/ament_prefix_path.sh'
[0.366s] INFO:colcon.colcon_core.shell:Skip shell extension 'powershell' for command environment: Not usable outside of PowerShell
[0.366s] DEBUG:colcon.colcon_core.shell:Skip shell extension 'dsv' for command environment
[0.654s] INFO:colcon.colcon_core.task.python.build:Building Python package in '/home/isaacn/code/kraken/ROS/src/kraken'
[0.655s] INFO:colcon.colcon_core.shell:Skip shell extension 'powershell' for command environment: Not usable outside of PowerShell
[0.655s] DEBUG:colcon.colcon_core.shell:Skip shell extension 'dsv' for command environment
[1.102s] DEBUG:colcon.colcon_core.event_handler.log_command:Invoking command in '/home/isaacn/code/kraken/ROS/src/kraken': PYTHONPATH=/home/isaacn/code/kraken/build/kraken/prefix_override:/home/isaacn/code/kraken/install/kraken/lib/python3.6/site-packages: /usr/bin/python3 setup.py egg_info --egg-base ../../../build/kraken build --build-base /home/isaacn/code/kraken/build/kraken/build install --record /home/isaacn/code/kraken/build/kraken/install.log --install-scripts $base/lib/kraken --single-version-externally-managed
[1.472s] DEBUG:colcon.colcon_core.event_handler.log_command:Invoked command in '/home/isaacn/code/kraken/ROS/src/kraken' returned '0': PYTHONPATH=/home/isaacn/code/kraken/build/kraken/prefix_override:/home/isaacn/code/kraken/install/kraken/lib/python3.6/site-packages: /usr/bin/python3 setup.py egg_info --egg-base ../../../build/kraken build --build-base /home/isaacn/code/kraken/build/kraken/build install --record /home/isaacn/code/kraken/build/kraken/install.log --install-scripts $base/lib/kraken --single-version-externally-managed
[1.475s] Level 1:colcon.colcon_core.environment:checking '/home/isaacn/code/kraken/install/kraken' for CMake module files
[1.476s] Level 1:colcon.colcon_core.environment:checking '/home/isaacn/code/kraken/install/kraken' for CMake config files
[1.498s] Level 1:colcon.colcon_core.environment:checking '/home/isaacn/code/kraken/install/kraken/lib'
[1.498s] Level 1:colcon.colcon_core.environment:checking '/home/isaacn/code/kraken/install/kraken/bin'
[1.498s] Level 1:colcon.colcon_core.environment:checking '/home/isaacn/code/kraken/install/kraken/lib/pkgconfig/kraken.pc'
[1.499s] Level 1:colcon.colcon_core.environment:checking '/home/isaacn/code/kraken/install/kraken/lib/python3.6/site-packages'
[1.499s] Level 1:colcon.colcon_core.shell:create_environment_hook('kraken', 'pythonpath')
[1.499s] INFO:colcon.colcon_core.shell:Creating environment hook '/home/isaacn/code/kraken/install/kraken/share/kraken/hook/pythonpath.ps1'
[1.500s] INFO:colcon.colcon_core.shell:Creating environment descriptor '/home/isaacn/code/kraken/install/kraken/share/kraken/hook/pythonpath.dsv'
[1.501s] INFO:colcon.colcon_core.shell:Creating environment hook '/home/isaacn/code/kraken/install/kraken/share/kraken/hook/pythonpath.sh'
[1.502s] Level 1:colcon.colcon_core.environment:checking '/home/isaacn/code/kraken/install/kraken/bin'
[1.502s] Level 1:colcon.colcon_core.environment:create_environment_scripts_only(kraken)
[1.503s] INFO:colcon.colcon_core.shell:Creating package script '/home/isaacn/code/kraken/install/kraken/share/kraken/package.ps1'
[1.504s] INFO:colcon.colcon_core.shell:Creating package descriptor '/home/isaacn/code/kraken/install/kraken/share/kraken/package.dsv'
[1.505s] INFO:colcon.colcon_core.shell:Creating package script '/home/isaacn/code/kraken/install/kraken/share/kraken/package.sh'
[1.506s] INFO:colcon.colcon_core.shell:Creating package script '/home/isaacn/code/kraken/install/kraken/share/kraken/package.bash'
[1.507s] INFO:colcon.colcon_core.shell:Creating package script '/home/isaacn/code/kraken/install/kraken/share/kraken/package.zsh'
[1.508s] Level 1:colcon.colcon_core.environment:create_file_with_runtime_dependencies(/home/isaacn/code/kraken/install/kraken/share/colcon-core/packages/kraken)
[1.509s] DEBUG:colcon.colcon_parallel_executor.executor.parallel:closing loop
[1.513s] DEBUG:colcon.colcon_parallel_executor.executor.parallel:loop closed
[1.513s] DEBUG:colcon.colcon_parallel_executor.executor.parallel:run_until_complete finished with '0'
[1.514s] DEBUG:colcon.colcon_core.event_reactor:joining thread
[1.522s] INFO:colcon.colcon_core.plugin_system:Skipping extension 'colcon_notification.desktop_notification.terminal_notifier': Not used on non-Darwin systems
[1.522s] INFO:colcon.colcon_core.plugin_system:Skipping extension 'colcon_notification.desktop_notification.win32': Not used on non-Windows systems
[1.522s] INFO:colcon.colcon_notification.desktop_notification:Sending desktop notification using 'notify2'
[1.528s] DEBUG:colcon.colcon_core.event_reactor:joined thread
[1.528s] INFO:colcon.colcon_core.shell:Creating prefix script '/home/isaacn/code/kraken/install/local_setup.ps1'
[1.530s] INFO:colcon.colcon_core.shell:Creating prefix util module '/home/isaacn/code/kraken/install/_local_setup_util_ps1.py'
[1.532s] INFO:colcon.colcon_core.shell:Creating prefix chain script '/home/isaacn/code/kraken/install/setup.ps1'
[1.533s] INFO:colcon.colcon_core.shell:Creating prefix script '/home/isaacn/code/kraken/install/local_setup.sh'
[1.534s] INFO:colcon.colcon_core.shell:Creating prefix util module '/home/isaacn/code/kraken/install/_local_setup_util_sh.py'
[1.535s] INFO:colcon.colcon_core.shell:Creating prefix chain script '/home/isaacn/code/kraken/install/setup.sh'
[1.537s] INFO:colcon.colcon_core.shell:Creating prefix script '/home/isaacn/code/kraken/install/local_setup.bash'
[1.537s] INFO:colcon.colcon_core.shell:Creating prefix chain script '/home/isaacn/code/kraken/install/setup.bash'
[1.539s] INFO:colcon.colcon_core.shell:Creating prefix script '/home/isaacn/code/kraken/install/local_setup.zsh'
[1.540s] INFO:colcon.colcon_core.shell:Creating prefix chain script '/home/isaacn/code/kraken/install/setup.zsh'
