[0.750s] Invoking command in '/home/isaacn/code/kraken/ROS/src/kraken': PYTHONPATH=/home/isaacn/code/kraken/build/kraken/prefix_override:/home/isaacn/code/kraken/install/kraken/lib/python3.6/site-packages: /usr/bin/python3 setup.py egg_info --egg-base ../../../build/kraken build --build-base /home/isaacn/code/kraken/build/kraken/build install --record /home/isaacn/code/kraken/build/kraken/install.log --install-scripts $base/lib/kraken --single-version-externally-managed
[0.993s] running egg_info
[0.994s] creating ../../../build/kraken/kraken.egg-info
[0.994s] writing ../../../build/kraken/kraken.egg-info/PKG-INFO
[0.994s] writing dependency_links to ../../../build/kraken/kraken.egg-info/dependency_links.txt
[0.995s] writing entry points to ../../../build/kraken/kraken.egg-info/entry_points.txt
[0.995s] writing requirements to ../../../build/kraken/kraken.egg-info/requires.txt
[0.995s] writing top-level names to ../../../build/kraken/kraken.egg-info/top_level.txt
[0.995s] writing manifest file '../../../build/kraken/kraken.egg-info/SOURCES.txt'
[1.035s] reading manifest file '../../../build/kraken/kraken.egg-info/SOURCES.txt'
[1.036s] writing manifest file '../../../build/kraken/kraken.egg-info/SOURCES.txt'
[1.036s] running build
[1.036s] running build_py
[1.036s] creating /home/isaacn/code/kraken/build/kraken/build
[1.037s] creating /home/isaacn/code/kraken/build/kraken/build/lib
[1.038s] creating /home/isaacn/code/kraken/build/kraken/build/lib/kraken
[1.039s] copying kraken/__init__.py -> /home/isaacn/code/kraken/build/kraken/build/lib/kraken
[1.044s] copying kraken/depth_sensor_node.py -> /home/isaacn/code/kraken/build/kraken/build/lib/kraken
[1.048s] copying kraken/motor_controller.py -> /home/isaacn/code/kraken/build/kraken/build/lib/kraken
[1.050s] copying kraken/imu_node.py -> /home/isaacn/code/kraken/build/kraken/build/lib/kraken
[1.050s] running install
[1.050s] running install_lib
[1.051s] creating /home/isaacn/code/kraken/install/kraken/lib/python3.6/site-packages/kraken
[1.051s] copying /home/isaacn/code/kraken/build/kraken/build/lib/kraken/__init__.py -> /home/isaacn/code/kraken/install/kraken/lib/python3.6/site-packages/kraken
[1.051s] copying /home/isaacn/code/kraken/build/kraken/build/lib/kraken/depth_sensor_node.py -> /home/isaacn/code/kraken/install/kraken/lib/python3.6/site-packages/kraken
[1.051s] copying /home/isaacn/code/kraken/build/kraken/build/lib/kraken/motor_controller.py -> /home/isaacn/code/kraken/install/kraken/lib/python3.6/site-packages/kraken
[1.051s] copying /home/isaacn/code/kraken/build/kraken/build/lib/kraken/imu_node.py -> /home/isaacn/code/kraken/install/kraken/lib/python3.6/site-packages/kraken
[1.052s] byte-compiling /home/isaacn/code/kraken/install/kraken/lib/python3.6/site-packages/kraken/__init__.py to __init__.cpython-36.pyc
[1.052s] byte-compiling /home/isaacn/code/kraken/install/kraken/lib/python3.6/site-packages/kraken/depth_sensor_node.py to depth_sensor_node.cpython-36.pyc
[1.052s] byte-compiling /home/isaacn/code/kraken/install/kraken/lib/python3.6/site-packages/kraken/motor_controller.py to motor_controller.cpython-36.pyc
[1.052s] byte-compiling /home/isaacn/code/kraken/install/kraken/lib/python3.6/site-packages/kraken/imu_node.py to imu_node.cpython-36.pyc
[1.052s] running install_data
[1.052s] creating /home/isaacn/code/kraken/install/kraken/share/ament_index
[1.052s] creating /home/isaacn/code/kraken/install/kraken/share/ament_index/resource_index
[1.052s] creating /home/isaacn/code/kraken/install/kraken/share/ament_index/resource_index/packages
[1.052s] copying resource/kraken -> /home/isaacn/code/kraken/install/kraken/share/ament_index/resource_index/packages
[1.052s] copying package.xml -> /home/isaacn/code/kraken/install/kraken/share/kraken
[1.052s] running install_egg_info
[1.052s] Copying ../../../build/kraken/kraken.egg-info to /home/isaacn/code/kraken/install/kraken/lib/python3.6/site-packages/kraken-0.0.0-py3.6.egg-info
[1.052s] running install_scripts
[1.073s] Installing depth_sensor script to /home/isaacn/code/kraken/install/kraken/lib/kraken
[1.074s] Installing imu script to /home/isaacn/code/kraken/install/kraken/lib/kraken
[1.075s] Installing mcu script to /home/isaacn/code/kraken/install/kraken/lib/kraken
[1.075s] writing list of installed files to '/home/isaacn/code/kraken/build/kraken/install.log'
[1.108s] Invoked command in '/home/isaacn/code/kraken/ROS/src/kraken' returned '0': PYTHONPATH=/home/isaacn/code/kraken/build/kraken/prefix_override:/home/isaacn/code/kraken/install/kraken/lib/python3.6/site-packages: /usr/bin/python3 setup.py egg_info --egg-base ../../../build/kraken build --build-base /home/isaacn/code/kraken/build/kraken/build install --record /home/isaacn/code/kraken/build/kraken/install.log --install-scripts $base/lib/kraken --single-version-externally-managed
