running egg_info
creating ../../../build/kraken/kraken.egg-info
writing ../../../build/kraken/kraken.egg-info/PKG-INFO
writing dependency_links to ../../../build/kraken/kraken.egg-info/dependency_links.txt
writing entry points to ../../../build/kraken/kraken.egg-info/entry_points.txt
writing requirements to ../../../build/kraken/kraken.egg-info/requires.txt
writing top-level names to ../../../build/kraken/kraken.egg-info/top_level.txt
writing manifest file '../../../build/kraken/kraken.egg-info/SOURCES.txt'
reading manifest file '../../../build/kraken/kraken.egg-info/SOURCES.txt'
writing manifest file '../../../build/kraken/kraken.egg-info/SOURCES.txt'
running build
running build_py
creating /home/isaacn/code/kraken/build/kraken/build
creating /home/isaacn/code/kraken/build/kraken/build/lib
creating /home/isaacn/code/kraken/build/kraken/build/lib/kraken
copying kraken/__init__.py -> /home/isaacn/code/kraken/build/kraken/build/lib/kraken
copying kraken/depth_sensor_node.py -> /home/isaacn/code/kraken/build/kraken/build/lib/kraken
copying kraken/motor_controller.py -> /home/isaacn/code/kraken/build/kraken/build/lib/kraken
copying kraken/imu_node.py -> /home/isaacn/code/kraken/build/kraken/build/lib/kraken
running install
running install_lib
running install_data
running install_egg_info
removing '/home/isaacn/code/kraken/install/kraken/lib/python3.6/site-packages/kraken-0.0.0-py3.6.egg-info' (and everything under it)
Copying ../../../build/kraken/kraken.egg-info to /home/isaacn/code/kraken/install/kraken/lib/python3.6/site-packages/kraken-0.0.0-py3.6.egg-info
running install_scripts
Installing depth_sensor script to /home/isaacn/code/kraken/install/kraken/lib/kraken
Installing imu script to /home/isaacn/code/kraken/install/kraken/lib/kraken
Installing mcu script to /home/isaacn/code/kraken/install/kraken/lib/kraken
writing list of installed files to '/home/isaacn/code/kraken/build/kraken/install.log'
