[0.774s] Invoking command in '/home/isaacn/code/kraken/ROS/src/kraken': PYTHONPATH=/home/isaacn/code/kraken/build/kraken/prefix_override:/home/isaacn/code/kraken/install/kraken/lib/python3.6/site-packages: /usr/bin/python3 setup.py egg_info --egg-base ../../../build/kraken build --build-base /home/isaacn/code/kraken/build/kraken/build install --record /home/isaacn/code/kraken/build/kraken/install.log --install-scripts $base/lib/kraken --single-version-externally-managed
[1.013s] running egg_info
[1.014s] creating ../../../build/kraken/kraken.egg-info
[1.014s] writing ../../../build/kraken/kraken.egg-info/PKG-INFO
[1.014s] writing dependency_links to ../../../build/kraken/kraken.egg-info/dependency_links.txt
[1.014s] writing entry points to ../../../build/kraken/kraken.egg-info/entry_points.txt
[1.014s] writing requirements to ../../../build/kraken/kraken.egg-info/requires.txt
[1.014s] writing top-level names to ../../../build/kraken/kraken.egg-info/top_level.txt
[1.015s] writing manifest file '../../../build/kraken/kraken.egg-info/SOURCES.txt'
[1.056s] reading manifest file '../../../build/kraken/kraken.egg-info/SOURCES.txt'
[1.060s] writing manifest file '../../../build/kraken/kraken.egg-info/SOURCES.txt'
[1.060s] running build
[1.060s] running build_py
[1.060s] creating /home/isaacn/code/kraken/build/kraken/build
[1.060s] creating /home/isaacn/code/kraken/build/kraken/build/lib
[1.060s] creating /home/isaacn/code/kraken/build/kraken/build/lib/kraken
[1.060s] copying kraken/__init__.py -> /home/isaacn/code/kraken/build/kraken/build/lib/kraken
[1.060s] copying kraken/depth_sensor_node.py -> /home/isaacn/code/kraken/build/kraken/build/lib/kraken
[1.060s] copying kraken/motor_controller.py -> /home/isaacn/code/kraken/build/kraken/build/lib/kraken
[1.060s] copying kraken/imu_node.py -> /home/isaacn/code/kraken/build/kraken/build/lib/kraken
[1.060s] running install
[1.061s] running install_lib
[1.063s] running install_data
[1.063s] running install_egg_info
[1.065s] removing '/home/isaacn/code/kraken/install/kraken/lib/python3.6/site-packages/kraken-0.0.0-py3.6.egg-info' (and everything under it)
[1.065s] Copying ../../../build/kraken/kraken.egg-info to /home/isaacn/code/kraken/install/kraken/lib/python3.6/site-packages/kraken-0.0.0-py3.6.egg-info
[1.066s] running install_scripts
[1.093s] Installing depth_sensor script to /home/isaacn/code/kraken/install/kraken/lib/kraken
[1.093s] Installing imu script to /home/isaacn/code/kraken/install/kraken/lib/kraken
[1.094s] Installing mcu script to /home/isaacn/code/kraken/install/kraken/lib/kraken
[1.094s] writing list of installed files to '/home/isaacn/code/kraken/build/kraken/install.log'
[1.125s] Invoked command in '/home/isaacn/code/kraken/ROS/src/kraken' returned '0': PYTHONPATH=/home/isaacn/code/kraken/build/kraken/prefix_override:/home/isaacn/code/kraken/install/kraken/lib/python3.6/site-packages: /usr/bin/python3 setup.py egg_info --egg-base ../../../build/kraken build --build-base /home/isaacn/code/kraken/build/kraken/build install --record /home/isaacn/code/kraken/build/kraken/install.log --install-scripts $base/lib/kraken --single-version-externally-managed
