[0.762s] Invoking command in '/home/isaacn/code/kraken/ROS/src/kraken': PYTHONPATH=/home/isaacn/code/kraken/build/kraken/prefix_override:/home/isaacn/code/kraken/install/kraken/lib/python3.6/site-packages: /usr/bin/python3 setup.py egg_info --egg-base ../../../build/kraken build --build-base /home/isaacn/code/kraken/build/kraken/build install --record /home/isaacn/code/kraken/build/kraken/install.log --install-scripts $base/lib/kraken --single-version-externally-managed
[1.024s] running egg_info
[1.025s] writing ../../../build/kraken/kraken.egg-info/PKG-INFO
[1.026s] writing dependency_links to ../../../build/kraken/kraken.egg-info/dependency_links.txt
[1.027s] writing entry points to ../../../build/kraken/kraken.egg-info/entry_points.txt
[1.028s] writing requirements to ../../../build/kraken/kraken.egg-info/requires.txt
[1.028s] writing top-level names to ../../../build/kraken/kraken.egg-info/top_level.txt
[1.077s] reading manifest file '../../../build/kraken/kraken.egg-info/SOURCES.txt'
[1.079s] writing manifest file '../../../build/kraken/kraken.egg-info/SOURCES.txt'
[1.080s] running build
[1.080s] running build_py
[1.080s] copying kraken/motor_controller.py -> /home/isaacn/code/kraken/build/kraken/build/lib/kraken
[1.081s] running install
[1.082s] running install_lib
[1.084s] copying /home/isaacn/code/kraken/build/kraken/build/lib/kraken/motor_controller.py -> /home/isaacn/code/kraken/install/kraken/lib/python3.6/site-packages/kraken
[1.087s] byte-compiling /home/isaacn/code/kraken/install/kraken/lib/python3.6/site-packages/kraken/motor_controller.py to motor_controller.cpython-36.pyc
[1.089s] running install_data
[1.090s] running install_egg_info
[1.095s] removing '/home/isaacn/code/kraken/install/kraken/lib/python3.6/site-packages/kraken-0.0.0-py3.6.egg-info' (and everything under it)
[1.095s] Copying ../../../build/kraken/kraken.egg-info to /home/isaacn/code/kraken/install/kraken/lib/python3.6/site-packages/kraken-0.0.0-py3.6.egg-info
[1.096s] running install_scripts
[1.122s] Installing depth_sensor script to /home/isaacn/code/kraken/install/kraken/lib/kraken
[1.124s] Installing imu script to /home/isaacn/code/kraken/install/kraken/lib/kraken
[1.125s] Installing mcu script to /home/isaacn/code/kraken/install/kraken/lib/kraken
[1.126s] writing list of installed files to '/home/isaacn/code/kraken/build/kraken/install.log'
[1.162s] Invoked command in '/home/isaacn/code/kraken/ROS/src/kraken' returned '0': PYTHONPATH=/home/isaacn/code/kraken/build/kraken/prefix_override:/home/isaacn/code/kraken/install/kraken/lib/python3.6/site-packages: /usr/bin/python3 setup.py egg_info --egg-base ../../../build/kraken build --build-base /home/isaacn/code/kraken/build/kraken/build install --record /home/isaacn/code/kraken/build/kraken/install.log --install-scripts $base/lib/kraken --single-version-externally-managed
