[0.770s] Invoking command in '/home/isaacn/code/kraken/ROS/src/kraken': PYTHONPATH=/home/isaacn/code/kraken/build/kraken/prefix_override:/home/isaacn/code/kraken/install/kraken/lib/python3.6/site-packages: /usr/bin/python3 setup.py egg_info --egg-base ../../../build/kraken build --build-base /home/isaacn/code/kraken/build/kraken/build install --record /home/isaacn/code/kraken/build/kraken/install.log --install-scripts $base/lib/kraken --single-version-externally-managed
[1.019s] running egg_info
[1.022s] writing ../../../build/kraken/kraken.egg-info/PKG-INFO
[1.025s] writing dependency_links to ../../../build/kraken/kraken.egg-info/dependency_links.txt
[1.025s] writing entry points to ../../../build/kraken/kraken.egg-info/entry_points.txt
[1.026s] writing requirements to ../../../build/kraken/kraken.egg-info/requires.txt
[1.026s] writing top-level names to ../../../build/kraken/kraken.egg-info/top_level.txt
[1.071s] reading manifest file '../../../build/kraken/kraken.egg-info/SOURCES.txt'
[1.073s] writing manifest file '../../../build/kraken/kraken.egg-info/SOURCES.txt'
[1.074s] running build
[1.074s] running build_py
[1.075s] running install
[1.076s] running install_lib
[1.077s] running install_data
[1.078s] running install_egg_info
[1.081s] removing '/home/isaacn/code/kraken/install/kraken/lib/python3.6/site-packages/kraken-0.0.0-py3.6.egg-info' (and everything under it)
[1.081s] Copying ../../../build/kraken/kraken.egg-info to /home/isaacn/code/kraken/install/kraken/lib/python3.6/site-packages/kraken-0.0.0-py3.6.egg-info
[1.082s] running install_scripts
[1.119s] Installing depth_sensor script to /home/isaacn/code/kraken/install/kraken/lib/kraken
[1.119s] Installing imu script to /home/isaacn/code/kraken/install/kraken/lib/kraken
[1.120s] Installing mcu script to /home/isaacn/code/kraken/install/kraken/lib/kraken
[1.125s] writing list of installed files to '/home/isaacn/code/kraken/build/kraken/install.log'
[1.179s] Invoked command in '/home/isaacn/code/kraken/ROS/src/kraken' returned '0': PYTHONPATH=/home/isaacn/code/kraken/build/kraken/prefix_override:/home/isaacn/code/kraken/install/kraken/lib/python3.6/site-packages: /usr/bin/python3 setup.py egg_info --egg-base ../../../build/kraken build --build-base /home/isaacn/code/kraken/build/kraken/build install --record /home/isaacn/code/kraken/build/kraken/install.log --install-scripts $base/lib/kraken --single-version-externally-managed
